1.098335105300000000e+10
6.128350018000000000e+09
1.583884680400000000e+10
9.826629446000000000e+09
6.705355925000000000e+09
9.595644186000000000e+09
1.502873717700000000e+10
5.087749998000000000e+09
1.017434928400000000e+10
1.630133343700000000e+10
1.664810743800000000e+10
1.537691999300000000e+10
9.827619130000000000e+09
1.133083489100000000e+10
8.786384618000000000e+09
1.907604897600000000e+10
7.862250675000000000e+09
1.526025024800000000e+10
7.631459189000000000e+09
1.387805168000000000e+09
6.359497952000000000e+09
1.445105528100000000e+10
3.470649146000000000e+09
6.938297964000000000e+09
1.526262554300000000e+10
1.584093254400000000e+10
1.618820055100000000e+10
1.179497628100000000e+10
1.422204720600000000e+10
7.747784293000000000e+09
9.281776730000000000e+08
1.241258716151000000e+12
1.988610476000000000e+10
1.907630714400000000e+10
1.505657209000000000e+09
8.904828730000000000e+09
7.863669648000000000e+09
2.139000852700000000e+10
1.849969875800000000e+10
1.884592391300000000e+10
1.621843590000000000e+09
1.468431946200000000e+10
1.329718230800000000e+10
1.769070753700000000e+10
3.354861805000000000e+09
8.095343083000000000e+09
1.063782593700000000e+10
8.325490190000000000e+09
8.903539424000000000e+09
1.653340589000000000e+10
1.769055763900000000e+10
1.852539074000000000e+09
2.894223615000000000e+09
1.376115162100000000e+10
1.618907159100000000e+10
7.518852197000000000e+09
5.436878036000000000e+09
1.006189371500000000e+10
9.831457209000000000e+09
1.133368378500000000e+10
1.329888034800000000e+10
1.399324439300000000e+10
1.225965654900000000e+10
2.085931597000000000e+09
1.075706465300000000e+10
2.778511106000000000e+09
1.242532581159000000e+12
4.281715920000000000e+09
1.746098010700000000e+10
2.023536157700000000e+10
2.127531660000000000e+10
3.240686127000000000e+09
1.457013317500000000e+10
1.815360277100000000e+10
1.526344369500000000e+10
1.433915856100000000e+10
1.688346873100000000e+10
1.260610830600000000e+10
1.861755166200000000e+10
6.246483447000000000e+09
7.633620357000000000e+09
2.663315002000000000e+09
1.491768123900000000e+10
1.896317475700000000e+10
8.674446455000000000e+09
1.225814167300000000e+10
1.827106856500000000e+10
1.295342000500000000e+10
1.618966448800000000e+10
7.404881057000000000e+09
1.087323964800000000e+10
1.121951868500000000e+10
1.098844746200000000e+10
2.203665585000000000e+09
9.312630710000000000e+08
6.479639305000000000e+09
1.376319447900000000e+10
1.503511302000000000e+10
1.295479500200000000e+10
1.242417932284000000e+12
7.405773964000000000e+09
3.706580571000000000e+09
1.515066533800000000e+10
1.711612004700000000e+10
1.989085638600000000e+10
1.919682560300000000e+10
4.861872460000000000e+09
2.203386607000000000e+09
1.006351814500000000e+10
7.636770527000000000e+09
9.255570181000000000e+09
1.179828894400000000e+10
1.214481519100000000e+10
3.589803617000000000e+09
2.058390942500000000e+10
1.561289429600000000e+10
1.549661131000000000e+10
7.404710271000000000e+09
5.554484711000000000e+09
1.815653854400000000e+10
7.985005099000000000e+09
1.364970705400000000e+10
7.523583125000000000e+09
3.244663428000000000e+09
3.360215325000000000e+09
2.058647865700000000e+10
1.781053798900000000e+10
1.665563355300000000e+10
1.480468745400000000e+10
1.295531124400000000e+10
1.249301796500000000e+10
9.026164780000000000e+09
1.862068009600000000e+10
6.019174578000000000e+09
1.492157252100000000e+10
1.885149352400000000e+10
7.868454632000000000e+09
1.006648591700000000e+10
9.603268354000000000e+09
1.179920294800000000e+10
1.239719060000000000e+08
8.332532721000000000e+09
1.240686560196000000e+12
1.241379881536000000e+12
1.973025914000000000e+09
1.596123787900000000e+10
1.411146374100000000e+10
1.168322170500000000e+10
8.101783055000000000e+09
1.850675112500000000e+10
1.341999058100000000e+10
1.700394431800000000e+10
1.284179131100000000e+10
1.241612898022000000e+12
3.131219708000000000e+09
2.128085368000000000e+10
1.242421642549000000e+12
1.561652863400000000e+10
7.060882569000000000e+09
3.709387451000000000e+09
1.255738640000000000e+08
9.374336626000000000e+09
1.261162419200000000e+10
6.137328882000000000e+09
5.211367025000000000e+09
7.293524063000000000e+09
1.242191721844000000e+12
7.871207509000000000e+09
1.099245944500000000e+10
7.987929792000000000e+09
1.157192627400000000e+10
1.423071315100000000e+10
1.723630555600000000e+10
1.712053888800000000e+10
1.029992175600000000e+10
1.238056285400000000e+10
1.585076014000000000e+10
9.145081898000000000e+09
6.715861199000000000e+09
3.364011480000000000e+09
1.861666808000000000e+09
1.654309264200000000e+10
1.353779066300000000e+10
3.941555332000000000e+09
3.595599098000000000e+09
1.723751031300000000e+10
7.058051540000000000e+08
2.324604769000000000e+09
1.099495352400000000e+10
1.030093325100000000e+10
2.035903134800000000e+10
8.220292326000000000e+09
8.682886416000000000e+09
5.790856758000000000e+09
1.342143271300000000e+10
1.388399466700000000e+10
1.839303942300000000e+10
4.058139826000000000e+09
2.787574322000000000e+09
6.718892639000000000e+09
1.643032489700000000e+10
1.007158120000000000e+10
9.146790963000000000e+09
9.840305899000000000e+09
1.319286544000000000e+10
7.874313548000000000e+09
5.794242393000000000e+09
1.735402966600000000e+10
1.353844571500000000e+10
6.372162398000000000e+09
5.909783962000000000e+09
8.684520214000000000e+09
1.504180143500000000e+10
1.642901396900000000e+10
1.700810560400000000e+10
1.411686068600000000e+10
1.157415253300000000e+10
1.041736625400000000e+10
1.284607192000000000e+09
1.296221460100000000e+10
4.638198918000000000e+09
2.787811956000000000e+09
1.862590575200000000e+10
4.869302721000000000e+09
1.238403672100000000e+10
5.446857225000000000e+09
3.481434698000000000e+09
6.141027815000000000e+09
1.550508437800000000e+10
1.573657490300000000e+10
1.631381754600000000e+10
1.851092439500000000e+10
1.018708090700000000e+10
4.753396358000000000e+09
1.377098050400000000e+10
1.874090975700000000e+10
1.700812817100000000e+10
3.791996034200000000e+10
3.676377626300000000e+10
3.745743084400000000e+10
2.728378066300000000e+10
1.456751938300000000e+10
3.653243611600000000e+10
3.630195615900000000e+10
3.526076468300000000e+10
3.156075449400000000e+10
3.213933006400000000e+10
1.872916701400000000e+10
3.040479618800000000e+10
2.751600294300000000e+10
3.121468010300000000e+10
2.624408414400000000e+10
2.069392345800000000e+10
2.682125155400000000e+10
1.884488044300000000e+10
3.572243472800000000e+10
3.560796893300000000e+10
2.462514506400000000e+10
2.508639524500000000e+10
2.566530432300000000e+10
2.104129941600000000e+10
3.479842960300000000e+10
3.919169658200000000e+10
3.838272700400000000e+10
3.711012064800000000e+10
3.514520346800000000e+10
2.208093191600000000e+10
4.011640173500000000e+10
2.508670749700000000e+10
2.705266780000000000e+10
2.508775057300000000e+10
3.329574146100000000e+10
3.271761714900000000e+10
2.312123160500000000e+10
1.745854936600000000e+10
1.884591230600000000e+10
3.768970609900000000e+10
2.890333340400000000e+10
3.225725803200000000e+10
3.214154507600000000e+10
3.711278591100000000e+10
2.242987654600000000e+10
2.520548369200000000e+10
2.717070218200000000e+10
2.971358211100000000e+10
3.110107443900000000e+10
2.682328379700000000e+10
2.948223173900000000e+10
1.873056518300000000e+10
3.410635529800000000e+10
3.109992422800000000e+10
3.768925556800000000e+10
2.636029260000000000e+10
2.659224520400000000e+10
3.318240399100000000e+10
2.381754109300000000e+10
2.231468026900000000e+10
3.711267957700000000e+10
2.647611290600000000e+10
3.560893706500000000e+10
2.196716556100000000e+10
3.063762121300000000e+10
3.052213426300000000e+10
3.641826225600000000e+10
3.803743779000000000e+10
3.722773698500000000e+10
3.052255350500000000e+10
2.277773743800000000e+10
3.110274068900000000e+10
2.809632008400000000e+10
3.699736349300000000e+10
2.300919427300000000e+10
2.578387688100000000e+10
2.416590512000000000e+10
3.214202931300000000e+10
3.780782787600000000e+10
2.936827122900000000e+10
2.844298637100000000e+10
2.647918699100000000e+10
2.358894185300000000e+10
2.566926073800000000e+10
2.890626861800000000e+10
3.561139884300000000e+10
2.451278685700000000e+10
3.896323832600000000e+10
2.902120794400000000e+10
2.636246432300000000e+10
2.474357894700000000e+10
2.451348558200000000e+10
3.306805681900000000e+10
3.283658762300000000e+10
3.341477641700000000e+10
3.179628878700000000e+10
2.566887468400000000e+10
2.289382662600000000e+10
3.815369915800000000e+10
3.144917133300000000e+10
2.613151195200000000e+10
2.890500119800000000e+10
3.942652122900000000e+10
2.439765515800000000e+10
2.405132260600000000e+10
3.202928336500000000e+10
2.867607869500000000e+10
2.370545053600000000e+10
2.798242440600000000e+10
3.133526345800000000e+10
2.925421429500000000e+10
2.821370011500000000e+10
1.989122216700000000e+10
2.324326543000000000e+10
3.307042142000000000e+10
3.688369369000000000e+10
3.538172513900000000e+10
3.237498244700000000e+10
3.052615448100000000e+10
3.688364020300000000e+10
2.532477772300000000e+10
2.509306128200000000e+10
3.965941944600000000e+10
3.965844096300000000e+10
2.197055201300000000e+10
2.069953651200000000e+10
3.029395473900000000e+10
3.907998388900000000e+10
3.191279722500000000e+10
3.850163359100000000e+10
3.723048910700000000e+10
1.896614242700000000e+10
2.370574239100000000e+10
2.809897708800000000e+10
3.272213293200000000e+10
3.318406031000000000e+10
2.532289699600000000e+10
3.873407072000000000e+10
2.948608222400000000e+10
2.173986832700000000e+10
2.717503549200000000e+10
3.052846596400000000e+10
2.856235510100000000e+10
3.584469601300000000e+10
1.815837623900000000e+10
3.307195951300000000e+10
3.376609822500000000e+10
2.740621496000000000e+10
3.064413656900000000e+10
1.769578273300000000e+10
2.509567460000000000e+10
2.070076216600000000e+10
2.278287620500000000e+10
2.174208287300000000e+10
3.318623207000000000e+10
3.804162006300000000e+10
2.000722646900000000e+10
2.127930604100000000e+10
3.284031912600000000e+10
2.451744297300000000e+10
3.688616762800000000e+10
2.948764112400000000e+10
2.405367726000000000e+10
2.474760065700000000e+10
2.948893007600000000e+10
3.723412243200000000e+10
2.844827636600000000e+10
3.249435094200000000e+10
2.682977787200000000e+10
3.896889292700000000e+10
3.145481504200000000e+10
3.816012786300000000e+10
3.295741792800000000e+10
3.018259583900000000e+10
2.081850747400000000e+10
2.116475389500000000e+10
2.104957849300000000e+10
2.914210375700000000e+10
3.353611243500000000e+10
2.752458360900000000e+10
2.232202391200000000e+10
3.573226255500000000e+10
3.122355126100000000e+10
3.827461616900000000e+10
3.249429814900000000e+10
2.313017704700000000e+10
2.197433717400000000e+10
3.711952920200000000e+10
2.313048907600000000e+10
3.203220967900000000e+10
3.527023858900000000e+10
2.486491545200000000e+10
2.602233596100000000e+10
2.278405945900000000e+10
2.532881036700000000e+10
3.584755656900000000e+10
1.619464251500000000e+10
1.873851202200000000e+10
2.717757381200000000e+10
3.365210596000000000e+10
2.902837884300000000e+10
3.018384264500000000e+10
2.382618499700000000e+10
2.278552039600000000e+10
2.937537849700000000e+10
3.689004766400000000e+10
3.238151901800000000e+10
3.099440350600000000e+10
2.509911446600000000e+10
2.348032558700000000e+10
2.371095625400000000e+10
2.382617471400000000e+10
3.342075413000000000e+10
4.047324898800000000e+10
3.943344471700000000e+10
2.891259103600000000e+10
3.573257393800000000e+10
2.602216353500000000e+10
2.394169451800000000e+10
3.966482782100000000e+10
3.053210070500000000e+10
3.087913231400000000e+10
3.712163607600000000e+10
4.116805426600000000e+10
2.717991730900000000e+10
3.168850017500000000e+10
2.486647461400000000e+10
3.712178683200000000e+10
2.949339189200000000e+10
2.151563399100000000e+10
2.879909235200000000e+10
2.440539504300000000e+10
3.215211445900000000e+10
3.839458560300000000e+10
2.856777417600000000e+10
4.082163519700000000e+10
3.388574566200000000e+10
3.030126547100000000e+10
1.978237964700000000e+10
3.099602779500000000e+10
2.186295631800000000e+10
2.151679590100000000e+10
2.567761538300000000e+10
3.862518454100000000e+10
3.573535862100000000e+10
3.562002213600000000e+10
3.746928003200000000e+10
2.070658987300000000e+10
3.735442745200000000e+10
4.093753159000000000e+10
4.105352407800000000e+10
2.324959956300000000e+10
2.775943978500000000e+10
4.185030008000000000e+10
5.433468371500000000e+10
4.508694236200000000e+10
4.462462800900000000e+10
4.589707325200000000e+10
4.439378230800000000e+10
4.705293480300000000e+10
5.375688222400000000e+10
3.861379771200000000e+10
3.849791237700000000e+10
4.635953875200000000e+10
4.578121004200000000e+10
4.612834924300000000e+10
4.254304117000000000e+10
4.104078248800000000e+10
3.861381923500000000e+10
4.231178682800000000e+10
3.976840151900000000e+10
5.815036469900000000e+10
5.572267057700000000e+10
5.687845694900000000e+10
5.618608184100000000e+10
5.456555123100000000e+10
5.387240206300000000e+10
5.144558955200000000e+10
5.086814257700000000e+10
5.144465449400000000e+10
4.890294618800000000e+10
4.485505457600000000e+10
4.462479028200000000e+10
4.312243469800000000e+10
4.184995698400000000e+10
4.358465255900000000e+10
5.364256779600000000e+10
4.971141119700000000e+10
4.635894836700000000e+10
4.092511348100000000e+10
4.254354753800000000e+10
5.179266503000000000e+10
5.549090157800000000e+10
5.572317680400000000e+10
4.913320104300000000e+10
3.930818307500000000e+10
5.109991241400000000e+10
4.774723445700000000e+10
5.098401674100000000e+10
5.584038298600000000e+10
4.508981308700000000e+10
4.266155991800000000e+10
5.133126337100000000e+10
5.641823916000000000e+10
4.104278221100000000e+10
4.266157103700000000e+10
4.670774218600000000e+10
5.572391805000000000e+10
5.144651457800000000e+10
4.612883325400000000e+10
3.977079971500000000e+10
4.173552359500000000e+10
5.029082519000000000e+10
5.029010485900000000e+10
5.063708278600000000e+10
4.740041906400000000e+10
5.653387709200000000e+10
5.052314351300000000e+10
5.029117980800000000e+10
4.901991708600000000e+10
5.815196732900000000e+10
5.769027652800000000e+10
4.300880741900000000e+10
4.474136368100000000e+10
4.566588524800000000e+10
5.445332269900000000e+10
4.878837362400000000e+10
5.572512317300000000e+10
5.491555132400000000e+10
5.306623955700000000e+10
5.664977343500000000e+10
4.323905130700000000e+10
4.624558995800000000e+10
5.017579025900000000e+10
5.110225639100000000e+10
4.069740597200000000e+10
4.335650480600000000e+10
5.699747028300000000e+10
5.410779509800000000e+10
5.549434086200000000e+10
5.792204543200000000e+10
5.537956304000000000e+10
3.826935768800000000e+10
5.665060054700000000e+10
4.994614770400000000e+10
5.792241144800000000e+10
5.468515619600000000e+10
5.341315161200000000e+10
5.838523120200000000e+10
4.462782173000000000e+10
4.855802151800000000e+10
4.763517704300000000e+10
4.023599472000000000e+10
3.919540547900000000e+10
4.994691124600000000e+10
4.312594987500000000e+10
5.133386548900000000e+10
4.902185212900000000e+10
4.289478180900000000e+10
3.769229767500000000e+10
3.884798755000000000e+10
4.277857459100000000e+10
5.064012517200000000e+10
5.399268481200000000e+10
4.774893404500000000e+10
4.786558233900000000e+10
4.185333318800000000e+10
4.936832515900000000e+10
5.179527728400000000e+10
4.855896855100000000e+10
4.532203559100000000e+10
4.890560261600000000e+10
3.977300418700000000e+10
5.352922069100000000e+10
4.416566953200000000e+10
4.670949605500000000e+10
4.081478587200000000e+10
4.208585505000000000e+10
4.197150733900000000e+10
4.948591875800000000e+10
4.983164944000000000e+10
5.075820305500000000e+10
5.098887658000000000e+10
5.249080171900000000e+10
5.133587575200000000e+10
6.266372105300000000e+10
4.567075481800000000e+10
4.682592838600000000e+10
3.850357924700000000e+10
4.000530034700000000e+10
5.445640753900000000e+10
5.364829779900000000e+10
5.249102798800000000e+10
5.734683552700000000e+10
3.954397525600000000e+10
5.699910524600000000e+10
5.306998042300000000e+10
4.879235129400000000e+10
4.902296036400000000e+10
3.908113405500000000e+10
4.150862415800000000e+10
5.804067336600000000e+10
5.179684724600000000e+10
5.110442941400000000e+10
4.197017535900000000e+10
3.954287921300000000e+10
4.867633784000000000e+10
4.243374819700000000e+10
4.752221672000000000e+10
4.810114735500000000e+10
4.775299754200000000e+10
4.659751242100000000e+10
4.740590156200000000e+10
5.387979895200000000e+10
3.966135426400000000e+10
3.942931513100000000e+10
5.203008926000000000e+10
5.330294331900000000e+10
5.214724309500000000e+10
3.653889836600000000e+10
3.931453810100000000e+10
3.873642435100000000e+10
5.156878578500000000e+10
5.226125773700000000e+10
4.706000999600000000e+10
4.763634982800000000e+10
4.336093528500000000e+10
5.434200670100000000e+10
4.578866194900000000e+10
5.515279386100000000e+10
5.226105427000000000e+10
4.266718413800000000e+10
4.324487850700000000e+10
5.862033509100000000e+10
5.769493216400000000e+10
5.307197039100000000e+10
4.509328728600000000e+10
6.070122391000000000e+10
4.081771189500000000e+10
4.971922809200000000e+10
4.081723877700000000e+10
4.382378670900000000e+10
4.081823738500000000e+10
4.243612327200000000e+10
5.700324441600000000e+10
5.862223749300000000e+10
4.590586855000000000e+10
4.081921547600000000e+10
5.237873417400000000e+10
4.255310476000000000e+10
5.076133220100000000e+10
3.607859446900000000e+10
4.879517840100000000e+10
4.197438958300000000e+10
4.093366034500000000e+10
5.041316132200000000e+10
5.538415483200000000e+10
4.128067080200000000e+10
4.047180820900000000e+10
4.868064870600000000e+10
3.885262244300000000e+10
4.729187790900000000e+10
4.960413854300000000e+10
5.156943197400000000e+10
4.162870279400000000e+10
4.058805981200000000e+10
3.827577760200000000e+10
5.422976734500000000e+10
4.463420951200000000e+10
4.220724499700000000e+10
5.503927350600000000e+10
5.388440064400000000e+10
4.336427839500000000e+10
4.937604440100000000e+10
5.053186316900000000e+10
4.914475814600000000e+10
4.382681906300000000e+10
4.128369143700000000e+10
4.636959222600000000e+10
5.503940271500000000e+10
4.451968891300000000e+10
4.798783286300000000e+10
4.787195860800000000e+10
4.371076263000000000e+10
5.446174113400000000e+10
5.619588822200000000e+10
5.943356254100000000e+10
5.561825846700000000e+10
4.116679692200000000e+10
3.688974777300000000e+10
4.590703113200000000e+10
4.949099500200000000e+10
5.515590145200000000e+10
4.567642225800000000e+10
4.752530400500000000e+10
5.168742468000000000e+10
5.261297835900000000e+10
4.798986405100000000e+10
5.296082563400000000e+10
4.833692783000000000e+10
4.937628077700000000e+10
4.336554716900000000e+10
4.325014594700000000e+10
5.226708502600000000e+10
5.804679016600000000e+10
4.822165607000000000e+10
4.348046483400000000e+10
4.151622497800000000e+10
3.851034207700000000e+10
5.665963223500000000e+10
4.267265676200000000e+10
4.186188081100000000e+10
4.845164181100000000e+10
5.804785552700000000e+10
5.642916323200000000e+10
5.943531511100000000e+10
5.053333681700000000e+10
4.313379956300000000e+10
4.151547310000000000e+10
4.417575436900000000e+10
5.689192963300000000e+10
5.619771593500000000e+10
5.885656760800000000e+10
4.660283598600000000e+10
4.220998821200000000e+10
4.036030001500000000e+10
4.359732941900000000e+10
5.677553955700000000e+10
5.388604739600000000e+10
7.144529817400000000e+10
6.658968432700000000e+10
7.745734363000000000e+10
7.687932704200000000e+10
7.271742105500000000e+10
6.693715728900000000e+10
6.843958777000000000e+10
7.109837476100000000e+10
6.323638349100000000e+10
6.427668252000000000e+10
6.485609717200000000e+10
6.959489063200000000e+10
7.710990417900000000e+10
7.352523046500000000e+10
6.924788087300000000e+10
6.254338522500000000e+10
6.242730677900000000e+10
6.323801828100000000e+10
7.283301690200000000e+10
7.190803313900000000e+10
6.289042802700000000e+10
6.057825343200000000e+10
6.358334063800000000e+10
7.618425440500000000e+10
5.826565933600000000e+10
6.300571068400000000e+10
6.150331230400000000e+10
6.196528269500000000e+10
6.462466081200000000e+10
6.670463560400000000e+10
6.115682940200000000e+10
5.884431070100000000e+10
6.242848987600000000e+10
7.583950126700000000e+10
5.826697001100000000e+10
7.318170320700000000e+10
6.578299398600000000e+10
6.092736945100000000e+10
7.133135947200000000e+10
7.422172296500000000e+10
7.676461416000000000e+10
7.826804481000000000e+10
6.196732467200000000e+10
6.081080732700000000e+10
7.653388705100000000e+10
7.017427271400000000e+10
7.896067832900000000e+10
7.109924581100000000e+10
7.664839648800000000e+10
7.479912773900000000e+10
7.052149826200000000e+10
6.497220807900000000e+10
5.653386637900000000e+10
6.844153425400000000e+10
6.566603459700000000e+10
6.971268955100000000e+10
6.046486227500000000e+10
6.717031486500000000e+10
6.161985324100000000e+10
7.017435943300000000e+10
5.803606139200000000e+10
7.537756415300000000e+10
7.387497200500000000e+10
6.774737520500000000e+10
5.745903361600000000e+10
7.479979485000000000e+10
7.410569928900000000e+10
7.433739415200000000e+10
6.716946609600000000e+10
6.994449277000000000e+10
6.069563305300000000e+10
6.347163658100000000e+10
6.405016963100000000e+10
6.566751795600000000e+10
6.428119798900000000e+10
6.543745751400000000e+10
7.931018208700000000e+10
7.272081914400000000e+10
6.358824229600000000e+10
6.451325839700000000e+10
6.185355816500000000e+10
7.815354707500000000e+10
7.318237054000000000e+10
7.318186531200000000e+10
6.774844974900000000e+10
6.659317955000000000e+10
5.988758759700000000e+10
5.965667741000000000e+10
5.746094679100000000e+10
7.063982390700000000e+10
6.774955732900000000e+10
7.387573567500000000e+10
6.092795146500000000e+10
6.705511822500000000e+10
6.405000954100000000e+10
6.104364306900000000e+10
6.809581534600000000e+10
7.549420202600000000e+10
6.312527319300000000e+10
6.196942217400000000e+10
6.000384931900000000e+10
8.185464279100000000e+10
6.463098176400000000e+10
6.509313512900000000e+10
6.590022322800000000e+10
5.885054531000000000e+10
7.434006988100000000e+10
6.081430165200000000e+10
6.694229670000000000e+10
7.514910451900000000e+10
6.462963828900000000e+10
6.855982758800000000e+10
7.145154547500000000e+10
6.116259145500000000e+10
7.561308624800000000e+10
7.272170170800000000e+10
7.237441212400000000e+10
7.665305212500000000e+10
7.607422906900000000e+10
7.399423292900000000e+10
6.613288701100000000e+10
7.746149524300000000e+10
6.370480582200000000e+10
5.676866943100000000e+10
6.520934273300000000e+10
5.838937063000000000e+10
6.023872537400000000e+10
5.919800683400000000e+10
5.734929746600000000e+10
6.023826279500000000e+10
7.515174931400000000e+10
7.330283541700000000e+10
7.087445325900000000e+10
7.607608815100000000e+10
7.885114725000000000e+10
6.486290277200000000e+10
6.162547547000000000e+10
6.335998869900000000e+10
7.180014713100000000e+10
6.636547364800000000e+10
6.023854302200000000e+10
6.174184461400000000e+10
6.532497029700000000e+10
6.590300847600000000e+10
6.994968501000000000e+10
6.902458308000000000e+10
5.665393383700000000e+10
7.492109795600000000e+10
7.561491389400000000e+10
6.717595931300000000e+10
6.289667434400000000e+10
6.775208395800000000e+10
6.081587215400000000e+10
6.012356164500000000e+10
6.289766362200000000e+10
7.850506242300000000e+10
7.757860556300000000e+10
7.862056033800000000e+10
6.994992179200000000e+10
7.052771281200000000e+10
7.122028130000000000e+10
7.804099566000000000e+10
6.995013744700000000e+10
6.983356428300000000e+10
7.122077625700000000e+10
5.977715422900000000e+10
6.127935922100000000e+10
6.046932503300000000e+10
7.457359429700000000e+10
6.844808161700000000e+10
6.093351944900000000e+10
7.133803639900000000e+10
7.179998530200000000e+10
7.099135993900000000e+10
6.995128644800000000e+10
6.972007549500000000e+10
7.041429991000000000e+10
6.104992049700000000e+10
5.769771582400000000e+10
6.313086263500000000e+10
6.844900624300000000e+10
7.191718250000000000e+10
7.122289361200000000e+10
6.902704500400000000e+10
6.555868602300000000e+10
6.810223314900000000e+10
6.763881187400000000e+10
7.850635233100000000e+10
6.359381230500000000e+10
6.613667113900000000e+10
5.989367264900000000e+10
5.804493104300000000e+10
6.197525999200000000e+10
6.498005686300000000e+10
7.237961568600000000e+10
6.336201034200000000e+10
7.076130007300000000e+10
7.422875572300000000e+10
6.914193089100000000e+10
7.538406934100000000e+10
6.070325610000000000e+10
6.035696619600000000e+10
6.463390790100000000e+10
5.573258361700000000e+10
6.012630241600000000e+10
7.226555810300000000e+10
6.787167805300000000e+10
7.053109895300000000e+10
6.405700828100000000e+10
7.122495798800000000e+10
7.758352916800000000e+10
6.821944056100000000e+10
6.567633470200000000e+10
6.602325872600000000e+10
7.319038072900000000e+10
5.897012985600000000e+10
7.215005000900000000e+10
7.238117485700000000e+10
5.746724774900000000e+10
6.521266585200000000e+10
7.538673539700000000e+10
7.792940047000000000e+10
8.070376056200000000e+10
7.238127126100000000e+10
7.665886841800000000e+10
7.030044771800000000e+10
6.186190194400000000e+10
6.567680838700000000e+10
5.873889803700000000e+10
5.850740751400000000e+10
6.451963560000000000e+10
5.746842004000000000e+10
6.625463039100000000e+10
7.053245341600000000e+10
6.463612111400000000e+10
5.631294426100000000e+10
5.874067066800000000e+10
5.885650180700000000e+10
6.070537272400000000e+10
5.908709997100000000e+10
7.550341503000000000e+10
7.145734074600000000e+10
6.267129022300000000e+10
7.018566955200000000e+10
7.770087681300000000e+10
6.764268191000000000e+10
7.192015014900000000e+10
7.400114597600000000e+10
6.879812386300000000e+10
7.827942039800000000e+10
6.960829815600000000e+10
6.186243907800000000e+10
6.197741020400000000e+10
6.452220462100000000e+10
6.001343979900000000e+10
6.556243917300000000e+10
7.596718197500000000e+10
6.845150200800000000e+10
7.122599097600000000e+10
6.798957467300000000e+10
5.700735269300000000e+10
6.059045685000000000e+10
7.030108270000000000e+10
7.041692469200000000e+10
7.619698491700000000e+10
7.296056831900000000e+10
7.145801953000000000e+10
7.480979423000000000e+10
9.826638815400000000e+10
9.514446972100000000e+10
8.381473230700000000e+10
8.393086469600000000e+10
8.589543795300000000e+10
8.890165410400000000e+10
9.375749405100000000e+10
9.063579050300000000e+10
8.473901771600000000e+10
8.751424873100000000e+10
8.577971462200000000e+10
8.312154065000000000e+10
8.497029320900000000e+10
8.728334964800000000e+10
9.398810328100000000e+10
8.196424902600000000e+10
7.884365308800000000e+10
8.716714232200000000e+10
9.306248569200000000e+10
8.647429427200000000e+10
9.156062489400000000e+10
9.133019871600000000e+10
9.260176231200000000e+10
9.144534174900000000e+10
8.878568422300000000e+10
8.994158853500000000e+10
8.751363684600000000e+10
8.751363689400000000e+10
8.312161674800000000e+10
8.150217221000000000e+10
8.196477697600000000e+10
8.358453357800000000e+10
9.190662466700000000e+10
7.872767244500000000e+10
9.317838187700000000e+10
7.745713006700000000e+10
8.659001881300000000e+10
8.901864700600000000e+10
9.930863329400000000e+10
9.387416400400000000e+10
9.190908539000000000e+10
8.000179372000000000e+10
8.844179096000000000e+10
7.838286511100000000e+10
8.393230544100000000e+10
9.456827022300000000e+10
8.531950749100000000e+10
8.416335573600000000e+10
7.676381919000000000e+10
9.375798950700000000e+10
8.150508512600000000e+10
9.260239635400000000e+10
8.728547863600000000e+10
9.329649212600000000e+10
9.456821723600000000e+10
9.029125461300000000e+10
8.231439952100000000e+10
9.052186343700000000e+10
8.520371966000000000e+10
8.185194509300000000e+10
7.757402541900000000e+10
7.976959477900000000e+10
9.202457412100000000e+10
9.052129390800000000e+10
9.167843481100000000e+10
8.474130889500000000e+10
8.358717695600000000e+10
8.740171778200000000e+10
9.063922035200000000e+10
9.006054766800000000e+10
8.890431029500000000e+10
8.670791319200000000e+10
8.890549300000000000e+10
8.636084956900000000e+10
8.081255919800000000e+10
8.728532790400000000e+10
9.167980994100000000e+10
9.711310754200000000e+10
9.376100996700000000e+10
8.358792991600000000e+10
7.942590571800000000e+10
8.959930889700000000e+10
9.191160162400000000e+10
8.774898672000000000e+10
8.612982152400000000e+10
9.006046240000000000e+10
8.289296422600000000e+10
9.514687892200000000e+10
9.572528277200000000e+10
8.196795924200000000e+10
7.803741501900000000e+10
9.375991400400000000e+10
9.156325890900000000e+10
9.191061326300000000e+10
8.832641248700000000e+10
9.179582453300000000e+10
8.231653859000000000e+10
9.040822524200000000e+10
8.092847715200000000e+10
8.543665134300000000e+10
8.948275797900000000e+10
8.798032723300000000e+10
8.081202282700000000e+10
9.121696962700000000e+10
8.601554996400000000e+10
8.983035963700000000e+10
8.613277756700000000e+10
8.590185681400000000e+10
8.971644078500000000e+10
8.058363830200000000e+10
1.024334440080000000e+11
9.445662126000000000e+10
9.954259673300000000e+10
9.850151280700000000e+10
9.237473317500000000e+10
9.433979040100000000e+10
9.584229632200000000e+10
9.515058789600000000e+10
8.740447074000000000e+10
7.919629726600000000e+10
8.659415725000000000e+10
8.197116285000000000e+10
7.908056288900000000e+10
8.150750471600000000e+10
8.428306902200000000e+10
7.942676683300000000e+10
8.058392935300000000e+10
8.775013749000000000e+10
9.792451858700000000e+10
8.844387816400000000e+10
9.121868961100000000e+10
9.376252692700000000e+10
8.879194219800000000e+10
9.399357676300000000e+10
8.959982591700000000e+10
8.382059351400000000e+10
8.046775474600000000e+10
9.260691326000000000e+10
9.584302870900000000e+10
9.815656736700000000e+10
9.549872642600000000e+10
8.405334095100000000e+10
8.312914201900000000e+10
8.474770503700000000e+10
9.029673702900000000e+10
7.734885609700000000e+10
9.388055039300000000e+10
9.711603170000000000e+10
9.457275364600000000e+10
9.376491282000000000e+10
9.110501873100000000e+10
8.740685788800000000e+10
8.856286988800000000e+10
8.197319472500000000e+10
8.590302922700000000e+10
8.844685567200000000e+10
8.197240976400000000e+10
9.619239216900000000e+10
9.653959566400000000e+10
9.561311758200000000e+10
7.977692683600000000e+10
9.330201819600000000e+10
8.497899176600000000e+10
9.399481232700000000e+10
9.318583198900000000e+10
7.838953188500000000e+10
8.590329834000000000e+10
8.890899853600000000e+10
8.532405574600000000e+10
8.832991709900000000e+10
8.937074306400000000e+10
8.451503248000000000e+10
8.567204438400000000e+10
8.463069166400000000e+10
9.850329844000000000e+10
9.746391356300000000e+10
8.058492933200000000e+10
9.584464093300000000e+10
9.330209390700000000e+10
9.549907155400000000e+10
9.237600262600000000e+10
7.861890517000000000e+10
8.289780322600000000e+10
8.405246051800000000e+10
8.232028101500000000e+10
9.341667835300000000e+10
1.005852732910000000e+11
9.781068731000000000e+10
9.203030465000000000e+10
8.948586535200000000e+10
9.064318913800000000e+10
9.029564152000000000e+10
9.896690394200000000e+10
8.624965348600000000e+10
9.388001449700000000e+10
9.075965369300000000e+10
8.555778268200000000e+10
8.405466370700000000e+10
8.151125654800000000e+10
9.168478829500000000e+10
8.937273191700000000e+10
9.145459820400000000e+10
8.359328437900000000e+10
8.081896709400000000e+10
9.052930274900000000e+10
9.688804636100000000e+10
8.706081548600000000e+10
7.977813087000000000e+10
8.960472769500000000e+10
8.405504064800000000e+10
9.156893619300000000e+10
8.532619592200000000e+10
9.526839811900000000e+10
8.555823455800000000e+10
9.110813742200000000e+10
9.168504656300000000e+10
8.521146087000000000e+10
9.341917213700000000e+10
8.266855955000000000e+10
9.249433910700000000e+10
9.214792042200000000e+10
8.925710584000000000e+10
9.677234535200000000e+10
9.769727549100000000e+10
9.168589670800000000e+10
8.174345775600000000e+10
9.249441497100000000e+10
7.654171409400000000e+10
8.717851710700000000e+10
9.688871296900000000e+10
8.625272714500000000e+10
8.290116746900000000e+10
8.278479855700000000e+10
9.885400669100000000e+10
9.515413602600000000e+10
9.654141266300000000e+10
8.024221922900000000e+10
9.827695762300000000e+10
7.631196580800000000e+10
8.567538817100000000e+10
9.053119559300000000e+10
8.370934232900000000e+10
9.064607043700000000e+10
9.434625289300000000e+10
9.307358161600000000e+10
8.579075761400000000e+10
8.821872032800000000e+10
8.740996529800000000e+10
9.215013542300000000e+10
8.035815900300000000e+10
7.608102431400000000e+10
7.850870739500000000e+10
8.683207795100000000e+10
9.642773253800000000e+10
8.960551360100000000e+10
8.116661290400000000e+10
9.607928220900000000e+10
9.365196442900000000e+10
9.295794440000000000e+10
9.399875937400000000e+10
9.619513519100000000e+10
9.145593309400000000e+10
7.862333511600000000e+10
7.538727313500000000e+10
9.527151684100000000e+10
9.631169759200000000e+10
1.017467459530000000e+11
8.983885228400000000e+10
9.007045040000000000e+10
9.689159453200000000e+10
9.527204213600000000e+10
8.822070897500000000e+10
8.752717248300000000e+10
9.076438474700000000e+10
7.804632766900000000e+10
8.255622202000000000e+10
8.082192445400000000e+10
8.197773218400000000e+10
9.585025265400000000e+10
7.723814313300000000e+10
8.671752598100000000e+10
8.694873669400000000e+10
8.891395517000000000e+10
9.030173742100000000e+10
8.082148394900000000e+10
8.440630858800000000e+10
8.509996291800000000e+10
8.059016559600000000e+10
9.851006165300000000e+10
9.654352100000000000e+10
8.174572655500000000e+10
8.637082818500000000e+10
7.608173429500000000e+10
7.978079846700000000e+10
7.619695243600000000e+10
7.851038531900000000e+10
7.897248447600000000e+10
9.989607008600000000e+10
9.642782972900000000e+10
1.017456399350000000e+11
9.087934603600000000e+10
9.573496028700000000e+10
9.550411491100000000e+10
9.434801683400000000e+10
1.026578919190000000e+11
1.082085366880000000e+11
1.015034927000000000e+11
1.011549343070000000e+11
1.117908237010000000e+11
1.095948889510000000e+11
1.130634947960000000e+11
1.180355099570000000e+11
1.042777779700000000e+11
1.068208194870000000e+11
1.123692492240000000e+11
9.919026488300000000e+10
1.110974060820000000e+11
1.094790363540000000e+11
1.146813813050000000e+11
1.042763266440000000e+11
1.100570750390000000e+11
1.136410930520000000e+11
1.042777892130000000e+11
1.018485898730000000e+11
1.020809728690000000e+11
9.456561536000000000e+10
1.153745200870000000e+11
1.124844038440000000e+11
1.030045699750000000e+11
1.127162278790000000e+11
1.110979014020000000e+11
1.076292847340000000e+11
1.106355441310000000e+11
1.079766713570000000e+11
1.065896847330000000e+11
1.087850605300000000e+11
9.572222997600000000e+10
9.456546523000000000e+10
1.113283494150000000e+11
1.112132815050000000e+11
1.166480394890000000e+11
1.037001802070000000e+11
1.048563966730000000e+11
1.040469753930000000e+11
1.069369733720000000e+11
1.032392095570000000e+11
1.039321867400000000e+11
1.126026533350000000e+11
1.057823051990000000e+11
1.000007833140000000e+11
9.780434327200000000e+10
1.084409956880000000e+11
1.094813269560000000e+11
1.123720880550000000e+11
1.142216793020000000e+11
1.060131616240000000e+11
1.054348548220000000e+11
1.076312949180000000e+11
1.005794126990000000e+11
1.063596883610000000e+11
9.711163510100000000e+10
1.047408353020000000e+11
1.135269288610000000e+11
1.047405880420000000e+11
1.104066017610000000e+11
9.942412164800000000e+10
1.002325325270000000e+11
1.055507621240000000e+11
1.153772085380000000e+11
1.031233154520000000e+11
1.198867677230000000e+11
1.058984911400000000e+11
1.184999210810000000e+11
1.114473404990000000e+11
1.126042880800000000e+11
1.169965229280000000e+11
1.104082024470000000e+11
1.012756261030000000e+11
1.060140648130000000e+11
1.054361020020000000e+11
9.561052654600000000e+10
1.049740673770000000e+11
1.130670866190000000e+11
1.030099886590000000e+11
1.028942756100000000e+11
9.630408458100000000e+10
9.537976748300000000e+10
1.065927920740000000e+11
1.017367908760000000e+11
1.047429640630000000e+11
1.075181091840000000e+11
1.097164617100000000e+11
1.090225492560000000e+11
1.130688921700000000e+11
1.019703124370000000e+11
1.102945969240000000e+11
1.076343802510000000e+11
1.121437152320000000e+11
9.989011234100000000e+10
9.942705614600000000e+10
1.015075143510000000e+11
9.804082232300000000e+10
1.171145368510000000e+11
1.149188386580000000e+11
1.013921673140000000e+11
9.526464541800000000e+10
1.129539003120000000e+11
1.083287233080000000e+11
1.003518901360000000e+11
1.063625482200000000e+11
1.068255617570000000e+11
1.115660754020000000e+11
1.054387472240000000e+11
1.109872522540000000e+11
1.078663336850000000e+11
1.050925220260000000e+11
1.168840146340000000e+11
1.065954258660000000e+11
1.056700447620000000e+11
1.056693997150000000e+11
1.143407263400000000e+11
1.070571062550000000e+11
1.112184961250000000e+11
9.711574280500000000e+10
9.838538198100000000e+10
1.133005886770000000e+11
1.139924582830000000e+11
9.965888127400000000e+10
1.204681712520000000e+11
1.108742587020000000e+11
1.004690212760000000e+11
1.030117831730000000e+11
1.060185154850000000e+11
1.141112879210000000e+11
1.182733335040000000e+11
1.052089227080000000e+11
1.050932312430000000e+11
1.180413161840000000e+11
1.069441451500000000e+11
9.781017068100000000e+10
1.033602347430000000e+11
9.989159654000000000e+10
1.128395742150000000e+11
1.173478664260000000e+11
1.156143431630000000e+11
1.053245934060000000e+11
1.102962429440000000e+11
1.101806696740000000e+11
9.838816627100000000e+10
1.154983398600000000e+11
1.139956194600000000e+11
1.156139778860000000e+11
1.108743353640000000e+11
1.038212168070000000e+11
1.064809712570000000e+11
1.203535455930000000e+11
1.148036534640000000e+11
1.063664502530000000e+11
1.107596426810000000e+11
1.101814966720000000e+11
1.127248609020000000e+11
1.146902511180000000e+11
1.191998009200000000e+11
1.160784308690000000e+11
1.105294848800000000e+11
1.096042645220000000e+11
1.052109543040000000e+11
1.040554477030000000e+11
1.094886054990000000e+11
1.022058349020000000e+11
1.151529527100000000e+11
1.164255595790000000e+11
1.087950479090000000e+11
1.116853684310000000e+11
1.059053187420000000e+11
1.009338844670000000e+11
1.060201286060000000e+11
1.120314863150000000e+11
1.003550617950000000e+11
1.087946613560000000e+11
1.121469199380000000e+11
1.047481139270000000e+11
1.065977269630000000e+11
9.746606360100000000e+10
1.012808949210000000e+11
1.180429728520000000e+11
1.052112242380000000e+11
1.053271091760000000e+11
9.862203314300000000e+10
1.178114073180000000e+11
1.047477811850000000e+11
1.061350794520000000e+11
1.121467052210000000e+11
1.134183444800000000e+11
1.145739803520000000e+11
1.156161821880000000e+11
1.032465224720000000e+11
1.109915428700000000e+11
1.085635045520000000e+11
1.119161074980000000e+11
1.119170859140000000e+11
1.112234421690000000e+11
9.746524738700000000e+10
1.062535866280000000e+11
1.042884329160000000e+11
1.049811089400000000e+11
1.108773338750000000e+11
1.123796572250000000e+11
9.954811302600000000e+10
1.042880677220000000e+11
1.076414121360000000e+11
1.118032425210000000e+11
1.173518230170000000e+11
1.188533723320000000e+11
1.102995647630000000e+11
1.083341313970000000e+11
1.042870039310000000e+11
1.121484468650000000e+11
1.144614924900000000e+11
1.024381866290000000e+11
1.031319378940000000e+11
1.127278073060000000e+11
1.083346046130000000e+11
1.068313351920000000e+11
1.064850890430000000e+11
1.087969840210000000e+11
1.114550938120000000e+11
1.129584492610000000e+11
1.089120200980000000e+11
1.022064707450000000e+11
1.146923598050000000e+11
1.016292927850000000e+11
1.040575135350000000e+11
1.048666015530000000e+11
1.009354336940000000e+11
1.115710325210000000e+11
1.017456279300000000e+11
1.047526934360000000e+11
1.173529084600000000e+11
1.091455955280000000e+11
1.100702135710000000e+11
1.108796455470000000e+11
1.090294630310000000e+11
9.931880480900000000e+10
1.009373896720000000e+11
1.038274627640000000e+11
1.108791939920000000e+11
1.014002312290000000e+11
1.164281617520000000e+11
1.145785383320000000e+11
1.144626426340000000e+11
1.152727735530000000e+11
1.143480370310000000e+11
1.041739141060000000e+11
9.723874527500000000e+10
9.954991977200000000e+10
1.017469513940000000e+11
1.122669124170000000e+11
1.155024688360000000e+11
1.091448327310000000e+11
1.157353461730000000e+11
1.056763559520000000e+11
9.885576063000000000e+10
1.074112452800000000e+11
1.139888228800000000e+11
1.270507501490000000e+11
1.210393282670000000e+11
1.221958886460000000e+11
1.230049878170000000e+11
1.208095906170000000e+11
1.231205289950000000e+11
1.217338542960000000e+11
1.226573331490000000e+11
1.246243468900000000e+11
1.331777242200000000e+11
1.166461802890000000e+11
1.198832207600000000e+11
1.350290901130000000e+11
1.238153563050000000e+11
1.243918250460000000e+11
1.256642058260000000e+11
1.190753155630000000e+11
1.347976105440000000e+11
1.334099574550000000e+11
1.313280474320000000e+11
1.310966968580000000e+11
1.298255308210000000e+11
1.231204871560000000e+11
1.317918138340000000e+11
1.324862946120000000e+11
1.276305626250000000e+11
1.161853275320000000e+11
1.275148282070000000e+11
1.350298951970000000e+11
1.321404996200000000e+11
1.309848531580000000e+11
1.190768734940000000e+11
1.294811750770000000e+11
1.321408549000000000e+11
1.275161937250000000e+11
1.216205601910000000e+11
1.190770458040000000e+11
1.150291975060000000e+11
1.230060311610000000e+11
1.252028475230000000e+11
1.329491796420000000e+11
1.344523417150000000e+11
1.350301216970000000e+11
1.357238407900000000e+11
1.226598706790000000e+11
1.331806060010000000e+11
1.291345746420000000e+11
1.336429526890000000e+11
1.205784560770000000e+11
1.344517296390000000e+11
1.345680981400000000e+11
1.307526649610000000e+11
1.330656029900000000e+11
1.179209916700000000e+11
1.264748420540000000e+11
1.217354359140000000e+11
1.324873822370000000e+11
1.317946078080000000e+11
1.161873057570000000e+11
1.264770986430000000e+11
1.257833478070000000e+11
1.235861763200000000e+11
1.250891234260000000e+11
1.187311862090000000e+11
1.235877569350000000e+11
1.219677750290000000e+11
1.351476841960000000e+11
1.278644626350000000e+11
1.189620967340000000e+11
1.179220773210000000e+11
1.165339939780000000e+11
1.204643230590000000e+11
1.371130962760000000e+11
1.402348748270000000e+11
1.334138489320000000e+11
1.365351544350000000e+11
1.330674841330000000e+11
1.341079444110000000e+11
1.292519219090000000e+11
1.241654948790000000e+11
1.274018902490000000e+11
1.331823805040000000e+11
1.332969753520000000e+11
1.330665598220000000e+11
1.239341335960000000e+11
1.226623226160000000e+11
1.282103441790000000e+11
1.239350034370000000e+11
1.200044054390000000e+11
1.308720323230000000e+11
1.356119441750000000e+11
1.239346056550000000e+11
1.267108904900000000e+11
1.230115679700000000e+11
1.319124713660000000e+11
1.173465546960000000e+11
1.247447694330000000e+11
1.286745069650000000e+11
1.269408546720000000e+11
1.191968877840000000e+11
1.179246573830000000e+11
1.176932636180000000e+11
1.225479206540000000e+11
1.204676774810000000e+11
1.197730552640000000e+11
1.346866815830000000e+11
1.374619016240000000e+11
1.234734533410000000e+11
1.360734318120000000e+11
1.330680434580000000e+11
1.337627086060000000e+11
1.223178609230000000e+11
1.240508038230000000e+11
1.385010185000000000e+11
1.314497818770000000e+11
1.313347568760000000e+11
1.328374024230000000e+11
1.278669356370000000e+11
1.242821866440000000e+11
1.226645270480000000e+11
1.332996743550000000e+11
1.278669989000000000e+11
1.323764199080000000e+11
1.367700850870000000e+11
1.356136432590000000e+11
1.278682141520000000e+11
1.198915741310000000e+11
1.264800023670000000e+11
1.268276682850000000e+11
1.253253989410000000e+11
1.260188062390000000e+11
1.254407677900000000e+11
1.350360137720000000e+11
1.170018239820000000e+11
1.388504687510000000e+11
1.216244962860000000e+11
1.235908435270000000e+11
1.263653217300000000e+11
1.267124717050000000e+11
1.223196023810000000e+11
1.181580620650000000e+11
1.372322394210000000e+11
1.345737426670000000e+11
1.341099336710000000e+11
1.264802180660000000e+11
1.283299599260000000e+11
1.207001363750000000e+11
1.254398976140000000e+11
1.381567609350000000e+11
1.298333047520000000e+11
1.376953375480000000e+11
1.341119434570000000e+11
1.217421331500000000e+11
1.216269360580000000e+11
1.272911969140000000e+11
1.216264520590000000e+11
1.315692028010000000e+11
1.160781727190000000e+11
1.356160516630000000e+11
1.349215369650000000e+11
1.238239891160000000e+11
1.212800123670000000e+11
1.193155249520000000e+11
1.204709351220000000e+11
1.319162455980000000e+11
1.262506085430000000e+11
1.249794318360000000e+11
1.245167090470000000e+11
1.167720106640000000e+11
1.163090834890000000e+11
1.181589973710000000e+11
1.264827871430000000e+11
1.267142882870000000e+11
1.205870355650000000e+11
1.296047054720000000e+11
1.189690421250000000e+11
1.264827550320000000e+11
1.293727314140000000e+11
1.270612234470000000e+11
1.341119232820000000e+11
1.321462961600000000e+11
1.283314114040000000e+11
1.391988555980000000e+11
1.397770550580000000e+11
1.231301209160000000e+11
1.197794949450000000e+11
1.304146637820000000e+11
1.238244405990000000e+11
1.242868629200000000e+11
1.185069211340000000e+11
1.209350452780000000e+11
1.294892719390000000e+11
1.367730852500000000e+11
1.351535005110000000e+11
1.237097708230000000e+11
1.256757627880000000e+11
1.392014994190000000e+11
1.330744506790000000e+11
1.329589637100000000e+11
1.234782160140000000e+11
1.225538989130000000e+11
1.219751295130000000e+11
1.316854970720000000e+11
1.343448860080000000e+11
1.365418531990000000e+11
1.342289154690000000e+11
1.302985862610000000e+11
1.328416171950000000e+11
1.230165362350000000e+11
1.205885732370000000e+11
1.207036522900000000e+11
1.279861110300000000e+11
1.357314646270000000e+11
1.356158376410000000e+11
1.373501246610000000e+11
1.282188165180000000e+11
1.321496294790000000e+11
1.351554799070000000e+11
1.267158480790000000e+11
1.216292060050000000e+11
1.207040287400000000e+11
1.226702778050000000e+11
1.248668360090000000e+11
1.240583609020000000e+11
1.348093932140000000e+11
1.368909051280000000e+11
1.403581135510000000e+11
1.338852053000000000e+11
1.385090705520000000e+11
1.364272041060000000e+11
1.287982944260000000e+11
1.301850982570000000e+11
1.276415302190000000e+11
1.227857548690000000e+11
1.204750962320000000e+11
1.237109646230000000e+11
1.348100820540000000e+11
1.326132871490000000e+11
1.274112980800000000e+11
1.253298827360000000e+11
1.333069850530000000e+11
1.173527485130000000e+11
1.187410037700000000e+11
1.348093624530000000e+11
1.256760008730000000e+11
1.307640622930000000e+11
1.260235590460000000e+11
1.205904770850000000e+11
1.145786574730000000e+11
1.285662138750000000e+11
1.337698269680000000e+11
1.462424248570000000e+11
1.513289057320000000e+11
1.412706787240000000e+11
1.411547398610000000e+11
1.446235607150000000e+11
1.464735176900000000e+11
1.504042447620000000e+11
1.411550085420000000e+11
1.384970930960000000e+11
1.416183448790000000e+11
1.425429632830000000e+11
1.572240557980000000e+11
1.469348542210000000e+11
1.492475125490000000e+11
1.512123545060000000e+11
1.559523204800000000e+11
1.386126882160000000e+11
1.398840262350000000e+11
1.480917160270000000e+11
1.467040737210000000e+11
1.492468574110000000e+11
1.438135386150000000e+11
1.475141081120000000e+11
1.543344564140000000e+11
1.524845209660000000e+11
1.374561604240000000e+11
1.446234655490000000e+11
1.460101292720000000e+11
1.497103658220000000e+11
1.410401677960000000e+11
1.433523319340000000e+11
1.387264345080000000e+11
1.437000069980000000e+11
1.515610419980000000e+11
1.398846494810000000e+11
1.375724962490000000e+11
1.467061373360000000e+11
1.432377894490000000e+11
1.493660314280000000e+11
1.520248832850000000e+11
1.415044595880000000e+11
1.482090090550000000e+11
1.398856816030000000e+11
1.350300999010000000e+11
1.357245500100000000e+11
1.452033735760000000e+11
1.486722589530000000e+11
1.469381441060000000e+11
1.490185485690000000e+11
1.477460605040000000e+11
1.462432324700000000e+11
1.520248727780000000e+11
1.519088158360000000e+11
1.388449744810000000e+11
1.398855316210000000e+11
1.530641721380000000e+11
1.386135163850000000e+11
1.404634411020000000e+11
1.472839829400000000e+11
1.423125811160000000e+11
1.447400601570000000e+11
1.469369519860000000e+11
1.556076549570000000e+11
1.608110207590000000e+11
1.441627315590000000e+11
1.401164742140000000e+11
1.493647102490000000e+11
1.431235290470000000e+11
1.506372527260000000e+11
1.450877048210000000e+11
1.393096106590000000e+11
1.458987373850000000e+11
1.557247432670000000e+11
1.394251733160000000e+11
1.375745176780000000e+11
1.437020826390000000e+11
1.478644827470000000e+11
1.511004050320000000e+11
1.403489318560000000e+11
1.376906718730000000e+11
1.395396612400000000e+11
1.443951782360000000e+11
1.419671295040000000e+11
1.405803794370000000e+11
1.537601917220000000e+11
1.539909619470000000e+11
1.528346279230000000e+11
1.378061918480000000e+11
1.420843481750000000e+11
1.433549442720000000e+11
1.513311216950000000e+11
1.536448227270000000e+11
1.504079763650000000e+11
1.508701401050000000e+11
1.434716136290000000e+11
1.517953394240000000e+11
1.471710763790000000e+11
1.456684197530000000e+11
1.478636990370000000e+11
1.387309393560000000e+11
1.423143767510000000e+11
1.583834879430000000e+11
1.457824237260000000e+11
1.501772068790000000e+11
1.610440704610000000e+11
1.596569980880000000e+11
1.596563206820000000e+11
1.502944022900000000e+11
1.517968435880000000e+11
1.452073730900000000e+11
1.544554905700000000e+11
1.376932735870000000e+11
1.482126755410000000e+11
1.472881109130000000e+11
1.502931553710000000e+11
1.509871000360000000e+11
1.533001994530000000e+11
1.497162677750000000e+11
1.445141491210000000e+11
1.585009211440000000e+11
1.418538681330000000e+11
1.409288737390000000e+11
1.387333796620000000e+11
1.443977808500000000e+11
1.489065891090000000e+11
1.504096004490000000e+11
1.432423387070000000e+11
1.572295294250000000e+11
1.522595679500000000e+11
1.536455118430000000e+11
1.410467468540000000e+11
1.419721608100000000e+11
1.558451115890000000e+11
1.422026409070000000e+11
1.439377878600000000e+11
1.479836041950000000e+11
1.394285817550000000e+11
1.373471559150000000e+11
1.526083728960000000e+11
1.539953269820000000e+11
1.533012207940000000e+11
1.460173970170000000e+11
1.413943166530000000e+11
1.403531358020000000e+11
1.513354328730000000e+11
1.467110841490000000e+11
1.456720108030000000e+11
1.412773243850000000e+11
1.397748615680000000e+11
1.423190963720000000e+11
1.520303890220000000e+11
1.538797220160000000e+11
1.527238070240000000e+11
1.455552442680000000e+11
1.496023183880000000e+11
1.515676119210000000e+11
1.554976189190000000e+11
1.526074060110000000e+11
1.527233232370000000e+11
1.494868624890000000e+11
1.409324425650000000e+11
1.478688480470000000e+11
1.464818723600000000e+11
1.506434337000000000e+11
1.390830022550000000e+11
1.512219563670000000e+11
1.405865510900000000e+11
1.433607392310000000e+11
1.413957792630000000e+11
1.468291732690000000e+11
1.526085564050000000e+11
1.526086212790000000e+11
1.515703312030000000e+11
1.477549949250000000e+11
1.441707081920000000e+11
1.536517034200000000e+11
1.539984123780000000e+11
1.496055110600000000e+11
1.512236335000000000e+11
1.531899265380000000e+11
1.499532197110000000e+11
1.388547580020000000e+11
1.466002945750000000e+11
1.477562854450000000e+11
1.534195252990000000e+11
1.472920253960000000e+11
1.471766134890000000e+11
1.504151263140000000e+11
1.457910352970000000e+11
1.403575011130000000e+11
1.456747846110000000e+11
1.528427131550000000e+11
1.559634280850000000e+11
1.538816473560000000e+11
1.453282913560000000e+11
1.463697178040000000e+11
1.470645551230000000e+11
1.500702766840000000e+11
1.522659428250000000e+11
1.538838282730000000e+11
1.555024671200000000e+11
1.440573930880000000e+11
1.553869153160000000e+11
1.395494670470000000e+11
1.383940569370000000e+11
1.511101033580000000e+11
1.535374104090000000e+11
1.541154163070000000e+11
1.592029729540000000e+11
1.456756666530000000e+11
1.427870988540000000e+11
1.464851522570000000e+11
1.541146000580000000e+11
1.512263009150000000e+11
1.518037261650000000e+11
1.456759140340000000e+11
1.479893144340000000e+11
1.437115453130000000e+11
1.449817761210000000e+11
1.433648795190000000e+11
1.435951014500000000e+11
