2.247296287072355840e+18
2.247296351496850176e+18
2.247296351496862464e+18
2.247296355791807744e+18
2.247296355791816960e+18
2.247296355791825152e+18
2.247296420216320768e+18
2.247296420216338944e+18
2.247296424511305216e+18
2.247296428806257664e+18
2.247296488935792640e+18
2.247296493230763008e+18
2.247296493230767872e+18
2.247296493230782208e+18
2.247296557655265792e+18
2.247296561950245120e+18
2.247296561950251008e+18
2.247296566245204224e+18
2.247296695094241536e+18
2.247296699389189888e+18
2.247296703684161280e+18
2.247300612104401920e+18
2.247300612104406272e+18
2.247300620694333952e+18
2.247300620694339328e+18
2.247300685118836480e+18
2.247300685118841344e+18
2.247300685118865408e+18
2.247300753838334976e+18
2.247300753838335232e+18
2.247300818262822656e+18
2.247300818262826240e+18
2.247300822557811200e+18
2.247300826852781568e+18
2.247300886982300672e+18
2.247300886982306048e+18
2.247300886982318848e+18
2.247300891277272576e+18
2.247300891277296384e+18
2.247300959996741120e+18
2.247300959996749056e+18
2.247300964291709184e+18
2.247301028716216832e+18
2.247301028716222720e+18
2.247301033011195136e+18
2.247301101730666752e+18
2.247305010150916864e+18
2.247305010150932992e+18
2.247305014445883136e+18
2.247305083165347328e+18
2.247305083165352448e+18
2.247305083165371648e+18
2.247305087460312832e+18
2.247305087460331776e+18
2.247305147589862144e+18
2.247305147589863424e+18
2.247305147589874176e+18
2.247305147589881088e+18
2.247305147589881344e+18
2.247305156179794944e+18
2.247305216309357824e+18
2.247305224899277568e+18
2.247305289323809024e+18
2.247305289323811840e+18
2.247305358043255040e+18
2.247305358043257856e+18
2.247305362338233600e+18
2.247305362338242560e+18
2.247305426762731008e+18
2.247305491187261184e+18
2.247305495482229248e+18
2.247305495482231296e+18
2.247309408197423616e+18
2.247309408197438720e+18
2.247309412492400896e+18
2.247309476916901120e+18
2.247309485506834944e+18
2.247309485506838016e+18
2.247309485506845440e+18
2.247309545636390656e+18
2.247309614355853056e+18
2.247309614355863296e+18
2.247309618650836736e+18
2.247309618650840320e+18
2.247309622945794048e+18
2.247309683075329280e+18
2.247309683075330816e+18
2.247309820514279424e+18
2.247309824809249536e+18
2.247309889233756928e+18
2.247309889233764608e+18
2.247309897823691520e+18
2.247313814833884160e+18
2.247313874963401216e+18
2.247313874963432448e+18
2.247313879258388224e+18
2.247313879258395136e+18
2.247313883553345024e+18
2.247313883553351680e+18
2.247313943682882048e+18
2.247313947977849856e+18
2.247313947977853440e+18
2.247313947977869568e+18
2.247314012402385408e+18
2.247314016697328384e+18
2.247314020992316672e+18
2.247314081121848064e+18
2.247314085416810240e+18
2.247314089711778304e+18
2.247314089711780352e+18
2.247314089711782144e+18
2.247314089711795968e+18
2.247314149841308928e+18
2.247314218560786432e+18
2.247314222855760384e+18
2.247314222855775488e+18
2.247314291575236608e+18
2.247314291575247360e+18
2.247314295870207488e+18
2.247318208585409792e+18
2.247318208585428736e+18
2.247318208585429760e+18
2.247318277304880128e+18
2.247318277304882688e+18
2.247318277304889856e+18
2.247318277304900096e+18
2.247318341729403392e+18
2.247318346024372992e+18
2.247318346024377088e+18
2.247318410448871680e+18
2.247318410448895744e+18
2.247318410448900864e+18
2.247318410448903168e+18
2.247318414743836672e+18
2.247318414743857664e+18
2.247318414743859200e+18
2.247318414743859456e+18
2.247318419038815744e+18
2.247318419038820096e+18
2.247318419038829824e+18
2.247318479168371968e+18
2.247318483463323392e+18
2.247318487758292736e+18
2.247318556477751552e+18
2.247318556477783808e+18
2.247318616607326720e+18
2.247318625197235200e+18
2.247318685326797568e+18
2.247318689621748480e+18
2.247318689621749248e+18
2.247318689621765632e+18
2.247318693916714496e+18
2.247322602336956928e+18
2.247322602336958464e+18
2.247322606631921664e+18
2.247322606631923712e+18
2.247322606631927808e+18
2.247322610926892800e+18
2.247322675351405312e+18
2.247322675351406848e+18
2.247322679646365184e+18
2.247322739775898368e+18
2.247322739775910144e+18
2.247322744070885632e+18
2.247322748365842944e+18
2.247322812790355456e+18
2.247322812790364416e+18
2.247322877214877440e+18
2.247322881509829120e+18
2.247322881509835776e+18
2.247322881509836032e+18
2.247322881509842176e+18
2.247322881509847808e+18
2.247322885804796928e+18
2.247322885804810240e+18
2.247322950229300736e+18
2.247323014653822976e+18
2.247323087668281088e+18
2.247323091963225088e+18
2.247327004678452480e+18
2.247327008973404160e+18
2.247327069102934272e+18
2.247327077692877056e+18
2.247327077692892160e+18
2.247327142117396736e+18
2.247327206541890560e+18
2.247327206541911040e+18
2.247327210836880384e+18
2.247327215131829248e+18
2.247327279556355840e+18
2.247327343980843520e+18
2.247327343980858368e+18
2.247327348275810560e+18
2.247327416995291392e+18
2.247327481419813888e+18
2.247327490009756416e+18
