2.247296214057905664e+18
2.247296287072331520e+18
2.247296355791804416e+18
2.247296424511282944e+18
2.247296695094230016e+18
2.247300620694336768e+18
2.247300895572270080e+18
2.247300964291708928e+18
2.247301024421267200e+18
2.247301033011194880e+18
2.247305010150915840e+18
2.247305083165367296e+18
2.247305147589858560e+18
2.247305285028836608e+18
2.247305289323809024e+18
2.247305362338220544e+18
2.247305431057709312e+18
2.247305495482217728e+18
2.247309408197423616e+18
2.247309549931348480e+18
2.247309683075328256e+18
2.247309756089770496e+18
2.247309820514291968e+18
2.247313806243933184e+18
2.247314081121842176e+18
2.247314089711771136e+18
2.247314154136303616e+18
2.247314218560814336e+18
2.247318208585429248e+18
2.247318273009932800e+18
2.247318277304909312e+18
2.247318281599845632e+18
2.247318281599871488e+18
2.247318483463339264e+18
2.247318693916709632e+18
2.247322744070899200e+18
2.247322885804810496e+18
2.247323091963254784e+18
2.247327069102968064e+18
2.247327077692871424e+18
2.247327077692873984e+18
2.247327490009762304e+18
