4.973295845000000000e+09
8.906022025000000000e+09
9.137888719000000000e+09
1.850136498000000000e+10
1.283596461300000000e+10
9.138329777000000000e+09
5.554300433000000000e+09
1.364812691600000000e+10
1.364809552500000000e+10
1.688421134400000000e+10
7.984628894000000000e+09
1.122177724500000000e+10
1.815838689400000000e+10
7.753021054000000000e+09
1.064482443800000000e+10
2.093454265000000000e+10
7.062215527000000000e+09
1.816092523800000000e+10
1.041786067000000000e+10
1.770070643000000000e+10
2.325207618000000000e+09
2.728364099900000000e+10
3.491423858800000000e+10
2.300714175300000000e+10
3.687883478400000000e+10
3.329635348000000000e+10
2.196716491000000000e+10
2.219878454500000000e+10
3.237498293500000000e+10
3.295285996500000000e+10
3.827140002500000000e+10
3.122076525000000000e+10
1.896483041100000000e+10
3.098892157400000000e+10
2.197331438100000000e+10
2.347547622000000000e+10
2.081724862600000000e+10
2.682804705300000000e+10
2.347647711100000000e+10
3.226332307400000000e+10
3.191663568000000000e+10
3.214796540000000000e+10
2.290164242700000000e+10
2.844988944600000000e+10
3.920162141200000000e+10
2.706557036200000000e+10
5.433597391600000000e+10
5.294770835000000000e+10
5.699421316100000000e+10
5.052158452300000000e+10
5.572390777800000000e+10
5.017524128300000000e+10
5.607052029400000000e+10
4.219881665000000000e+10
5.607265869200000000e+10
5.757542270300000000e+10
5.191143056300000000e+10
4.497613226400000000e+10
4.948415564500000000e+10
4.451199114200000000e+10
4.439942759800000000e+10
5.329975141500000000e+10
4.833068199600000000e+10
5.596205373800000000e+10
4.567357214800000000e+10
5.850625654100000000e+10
5.792880978100000000e+10
4.220653667700000000e+10
4.949104825000000000e+10
4.244062807100000000e+10
5.272978756500000000e+10
4.371324648200000000e+10
6.208102673400000000e+10
6.936364708700000000e+10
6.231303453900000000e+10
7.803702697200000000e+10
6.450965774900000000e+10
7.410534466000000000e+10
6.867291797900000000e+10
6.381921651200000000e+10
7.006441893000000000e+10
7.780809553900000000e+10
6.463039158300000000e+10
7.052551938500000000e+10
8.046836746300000000e+10
5.896755930200000000e+10
6.093227220100000000e+10
6.336336400400000000e+10
8.001119183500000000e+10
6.371118048400000000e+10
7.030176939300000000e+10
6.764372590200000000e+10
8.242683359500000000e+10
9.468346678300000000e+10
8.023338138700000000e+10
7.838285544000000000e+10
8.069613735500000000e+10
8.959649261900000000e+10
8.162039043800000000e+10
8.104341505500000000e+10
9.318188643000000000e+10
7.803806007700000000e+10
9.040884919200000000e+10
9.052607736600000000e+10
8.058345598100000000e+10
8.301120483400000000e+10
9.156823626900000000e+10
7.769481304100000000e+10
8.301224765900000000e+10
7.954425450000000000e+10
9.468993022900000000e+10
8.278169259100000000e+10
7.769636047700000000e+10
8.798668036500000000e+10
8.509701706800000000e+10
8.105163048100000000e+10
7.931893469400000000e+10
9.434887657800000000e+10
8.544709158400000000e+10
1.085541819650000000e+11
9.988354387400000000e+10
1.047399964340000000e+11
1.108679262710000000e+11
1.142205721560000000e+11
1.094818214780000000e+11
1.038163022420000000e+11
1.124890696620000000e+11
1.092516000770000000e+11
1.143386826630000000e+11
1.045144399720000000e+11
9.827086135300000000e+10
1.167677418200000000e+11
1.191963606530000000e+11
9.907990669800000000e+10
1.150349179330000000e+11
1.062481362800000000e+11
1.067104185290000000e+11
1.143395651570000000e+11
1.164205718230000000e+11
9.977291696000000000e+10
1.003534269430000000e+11
1.144581910460000000e+11
1.048625588340000000e+11
1.037076971340000000e+11
1.068295513010000000e+11
1.161961010440000000e+11
1.038244962260000000e+11
1.121506932070000000e+11
1.024397562230000000e+11
9.897236504500000000e+10
9.931781634100000000e+10
1.143469625420000000e+11
1.249702812800000000e+11
1.149123443960000000e+11
1.223113660450000000e+11
1.221953303530000000e+11
1.283229058620000000e+11
1.239299402740000000e+11
1.183830044470000000e+11
1.287875106140000000e+11
1.346823169720000000e+11
1.191934682040000000e+11
1.242808740890000000e+11
1.163031057340000000e+11
1.328356821270000000e+11
1.222011901840000000e+11
1.227804224170000000e+11
1.228968334290000000e+11
1.305263886340000000e+11
1.337647941350000000e+11
1.335333790010000000e+11
1.373478662420000000e+11
1.277521364290000000e+11
1.202375208550000000e+11
1.279829286240000000e+11
1.213958763590000000e+11
1.209346686760000000e+11
1.364288822150000000e+11
1.343472306570000000e+11
1.416183133890000000e+11
1.544503419850000000e+11
1.477459845820000000e+11
1.434683782870000000e+11
1.500590854330000000e+11
1.400027824790000000e+11
1.349177949300000000e+11
1.400046955170000000e+11
1.535303574580000000e+11
1.423164088620000000e+11
1.412776684500000000e+11
1.516844319860000000e+11
1.521476925110000000e+11
1.452103412710000000e+11
1.402412183700000000e+11
1.446362055690000000e+11
1.409364112660000000e+11
