1.595383952800000000e+10
1.190930346100000000e+10
5.090406293000000000e+09
2.035228962900000000e+10
2.012886235000000000e+10
2.566444488500000000e+10
3.411214105300000000e+10
3.260966721000000000e+10
2.995373937800000000e+10
3.584984676600000000e+10
4.173530736900000000e+10
5.930836639400000000e+10
5.144809425200000000e+10
5.445769778300000000e+10
4.775336395000000000e+10
5.133808128600000000e+10
4.555979503900000000e+10
5.955036152700000000e+10
6.393098365500000000e+10
7.248909258200000000e+10
6.775337348100000000e+10
5.931536600800000000e+10
7.203393834800000000e+10
8.716714146100000000e+10
7.954419934300000000e+10
1.001227543800000000e+11
8.336156896800000000e+10
8.590694288600000000e+10
1.061273160010000000e+11
1.142210554440000000e+11
9.676528105600000000e+10
1.065903407210000000e+11
1.065908245860000000e+11
1.002379510430000000e+11
1.113427783880000000e+11
1.235872950520000000e+11
1.274053633780000000e+11
1.345774527660000000e+11
1.485565460030000000e+11
1.501735187380000000e+11
1.470524069340000000e+11
1.524959833240000000e+11
