2.247296214057886976e+18
2.247296214057887232e+18
2.247296214057887744e+18
2.247296214057889536e+18
2.247296214057889792e+18
2.247296214057890048e+18
2.247296214057890816e+18
2.247296214057901568e+18
2.247296214057902336e+18
2.247296214057905408e+18
2.247296218352857600e+18
2.247296218352857856e+18
2.247296218352858624e+18
2.247296218352858624e+18
2.247296218352858880e+18
2.247296218352862208e+18
2.247296218352868352e+18
2.247296218352868608e+18
2.247296222647820032e+18
2.247296222647821824e+18
2.247296222647835904e+18
2.247296222647839744e+18
2.247296282777355776e+18
2.247296282777358336e+18
2.247296282777366016e+18
2.247296282777366016e+18
2.247296282777366528e+18
2.247296282777374208e+18
2.247296282777378304e+18
2.247296282777382144e+18
2.247296282777384448e+18
2.247296282777384704e+18
2.247296287072330240e+18
2.247296287072330752e+18
2.247296287072340736e+18
2.247296287072342016e+18
2.247296287072342784e+18
2.247296287072345600e+18
2.247296287072345600e+18
2.247296287072345856e+18
2.247296287072352256e+18
2.247296287072352512e+18
2.247296287072352512e+18
2.247296287072354816e+18
2.247296287072355072e+18
2.247296287072355072e+18
2.247296291367290112e+18
2.247296291367291392e+18
2.247296291367294976e+18
2.247296291367298816e+18
2.247296291367313920e+18
2.247296291367319040e+18
2.247296351496834048e+18
2.247296351496837632e+18
2.247296351496838144e+18
2.247296351496838912e+18
2.247296351496839168e+18
2.247296351496840960e+18
2.247296351496841728e+18
2.247296351496848128e+18
2.247296351496854016e+18
2.247296351496857856e+18
2.247296351496862976e+18
2.247296351496866304e+18
2.247296351496868096e+18
2.247296355791804160e+18
2.247296355791804672e+18
2.247296355791805440e+18
2.247296355791807744e+18
2.247296355791808000e+18
2.247296355791809536e+18
2.247296355791813632e+18
2.247296355791815680e+18
2.247296355791816704e+18
2.247296355791816704e+18
2.247296355791819264e+18
2.247296355791821568e+18
2.247296355791828224e+18
2.247296355791828480e+18
2.247296360086766336e+18
2.247296360086768128e+18
2.247296360086771200e+18
2.247296360086774016e+18
2.247296360086774528e+18
2.247296360086776320e+18
2.247296360086777600e+18
2.247296360086791168e+18
2.247296360086793216e+18
2.247296360086795264e+18
2.247296420216317184e+18
2.247296420216318464e+18
2.247296420216318464e+18
2.247296420216318720e+18
2.247296420216319232e+18
2.247296420216320000e+18
2.247296420216321536e+18
2.247296420216325376e+18
2.247296420216325888e+18
2.247296420216334336e+18
2.247296420216335104e+18
2.247296420216335616e+18
2.247296420216335872e+18
2.247296420216338944e+18
2.247296420216340224e+18
2.247296420216340480e+18
2.247296420216340480e+18
2.247296424511276288e+18
2.247296424511278848e+18
2.247296424511284224e+18
2.247296424511297536e+18
2.247296424511298560e+18
2.247296424511298560e+18
2.247296424511299328e+18
2.247296424511301120e+18
2.247296424511303168e+18
2.247296424511305984e+18
2.247296424511306240e+18
2.247296428806249728e+18
2.247296428806254080e+18
2.247296428806271488e+18
2.247296488935792640e+18
2.247296488935793664e+18
2.247296488935794432e+18
2.247296488935795968e+18
2.247296488935796224e+18
2.247296488935802112e+18
2.247296488935811072e+18
2.247296488935812352e+18
2.247296488935812608e+18
2.247296488935812864e+18
2.247296488935814144e+18
2.247296488935814400e+18
2.247296493230755072e+18
2.247296493230762752e+18
2.247296493230764032e+18
2.247296493230772992e+18
2.247296493230776320e+18
2.247296493230780672e+18
2.247296493230780672e+18
2.247296493230783488e+18
2.247296493230784768e+18
2.247296497525731072e+18
2.247296497525734400e+18
2.247296497525734656e+18
2.247296497525736192e+18
2.247296497525736448e+18
2.247296497525737216e+18
2.247296497525747968e+18
2.247296557655268096e+18
2.247296557655272704e+18
2.247296557655272704e+18
2.247296557655279872e+18
2.247296557655286272e+18
2.247296561950229760e+18
2.247296561950230784e+18
2.247296561950232320e+18
2.247296561950238208e+18
2.247296561950240768e+18
2.247296561950241536e+18
2.247296561950261504e+18
2.247296561950262784e+18
2.247296561950264064e+18
2.247296561950265088e+18
2.247296561950265856e+18
2.247296566245199360e+18
2.247296566245209856e+18
2.247296566245210368e+18
2.247296566245211136e+18
2.247296566245222656e+18
2.247296626374739968e+18
2.247296626374743296e+18
2.247296626374743552e+18
2.247296626374744320e+18
2.247296626374744576e+18
2.247296626374752256e+18
2.247296626374753536e+18
2.247296626374765056e+18
2.247296626374768896e+18
2.247296630669711872e+18
2.247296630669713664e+18
2.247296630669714176e+18
2.247296630669719040e+18
2.247296630669725440e+18
2.247296630669726464e+18
2.247296630669726720e+18
2.247296630669734912e+18
2.247296630669737984e+18
2.247296630669739008e+18
2.247296630669740800e+18
2.247296630669741056e+18
2.247296630669742848e+18
2.247296630669744128e+18
2.247296630669744896e+18
2.247296634964679424e+18
2.247296634964683264e+18
2.247296634964683520e+18
2.247296634964684544e+18
2.247296634964700672e+18
2.247296695094216192e+18
2.247296695094217728e+18
2.247296695094222848e+18
2.247296695094224128e+18
2.247296695094224384e+18
2.247296695094225152e+18
2.247296695094226688e+18
2.247296695094226944e+18
2.247296695094234112e+18
2.247296695094240768e+18
2.247296695094242304e+18
2.247296695094245376e+18
2.247296699389184512e+18
2.247296699389184768e+18
2.247296699389190144e+18
2.247296699389190656e+18
2.247296699389190912e+18
2.247296699389191936e+18
2.247296699389191936e+18
2.247296699389192192e+18
2.247296699389199104e+18
2.247296699389205504e+18
2.247296699389206784e+18
2.247296699389206784e+18
2.247296699389212928e+18
2.247296703684158208e+18
2.247296703684159232e+18
2.247296703684160000e+18
2.247296703684160256e+18
2.247296703684161536e+18
2.247296703684165376e+18
2.247296703684165888e+18
2.247296703684167424e+18
2.247296703684167424e+18
2.247296703684179712e+18
2.247296703684180736e+18
2.247296703684186880e+18
2.247296703684187392e+18
2.247296703684187648e+18
2.247300612104392192e+18
2.247300612104392192e+18
2.247300612104392192e+18
2.247300612104399872e+18
2.247300612104403200e+18
2.247300612104403200e+18
2.247300612104403712e+18
2.247300612104403712e+18
2.247300612104403968e+18
2.247300612104404992e+18
2.247300612104405504e+18
2.247300612104406272e+18
2.247300612104417536e+18
2.247300612104417792e+18
2.247300612104418048e+18
2.247300612104418560e+18
2.247300612104419840e+18
2.247300612104420864e+18
2.247300612104421632e+18
2.247300612104422656e+18
2.247300616399367680e+18
2.247300616399367936e+18
2.247300616399369984e+18
2.247300616399371008e+18
2.247300616399373056e+18
2.247300616399374080e+18
2.247300616399374336e+18
2.247300616399378176e+18
2.247300616399378944e+18
2.247300616399387648e+18
2.247300620694326784e+18
2.247300620694334464e+18
2.247300620694337024e+18
2.247300620694338048e+18
2.247300620694339072e+18
2.247300620694341376e+18
2.247300620694352640e+18
2.247300680823866368e+18
2.247300680823866624e+18
2.247300680823868416e+18
2.247300680823878400e+18
2.247300680823881216e+18
2.247300680823881472e+18
2.247300680823884288e+18
2.247300680823886080e+18
2.247300680823891712e+18
2.247300680823892224e+18
2.247300680823892736e+18
2.247300680823895552e+18
2.247300680823901440e+18
2.247300680823901440e+18
2.247300680823902464e+18
2.247300680823903232e+18
2.247300685118835200e+18
2.247300685118840576e+18
2.247300685118842112e+18
2.247300685118852864e+18
2.247300685118853120e+18
2.247300685118854912e+18
2.247300685118854912e+18
2.247300685118860288e+18
2.247300685118862848e+18
2.247300685118865152e+18
2.247300689413800960e+18
2.247300689413802752e+18
2.247300689413810176e+18
2.247300689413810432e+18
2.247300689413814016e+18
2.247300689413814016e+18
2.247300689413820672e+18
2.247300689413828096e+18
2.247300749543346944e+18
2.247300749543347712e+18
2.247300749543347968e+18
2.247300749543349248e+18
2.247300749543350528e+18
2.247300749543350784e+18
2.247300749543356416e+18
2.247300749543359232e+18
2.247300749543361280e+18
2.247300749543362304e+18
2.247300749543367936e+18
2.247300749543371776e+18
2.247300749543377152e+18
2.247300749543379200e+18
2.247300753838310400e+18
2.247300753838310912e+18
2.247300753838316032e+18
2.247300753838318336e+18
2.247300753838322432e+18
2.247300753838327808e+18
2.247300753838333952e+18
2.247300753838335232e+18
2.247300753838335488e+18
2.247300753838335744e+18
2.247300753838339072e+18
2.247300758133277440e+18
2.247300758133278464e+18
2.247300758133282816e+18
2.247300758133283584e+18
2.247300758133284096e+18
2.247300758133291008e+18
2.247300758133300224e+18
2.247300758133301504e+18
2.247300758133307392e+18
2.247300818262825984e+18
2.247300818262825984e+18
2.247300818262828544e+18
2.247300818262833408e+18
2.247300818262834688e+18
2.247300818262836992e+18
2.247300818262840832e+18
2.247300818262842880e+18
2.247300818262843136e+18
2.247300818262847488e+18
2.247300818262848000e+18
2.247300818262848512e+18
2.247300822557795840e+18
2.247300822557796096e+18
2.247300822557796608e+18
2.247300822557798144e+18
2.247300822557798400e+18
2.247300822557802752e+18
2.247300822557802752e+18
2.247300822557805312e+18
2.247300822557805568e+18
2.247300822557814016e+18
2.247300822557814784e+18
2.247300822557816576e+18
2.247300822557820416e+18
2.247300822557821184e+18
2.247300826852755712e+18
2.247300826852761600e+18
2.247300826852761856e+18
2.247300826852762112e+18
2.247300826852762880e+18
2.247300826852764672e+18
2.247300826852769536e+18
2.247300826852780800e+18
2.247300826852785408e+18
2.247300886982317312e+18
2.247300886982317568e+18
2.247300886982318080e+18
2.247300891277265408e+18
2.247300891277273856e+18
2.247300891277273856e+18
2.247300891277286656e+18
2.247300891277291520e+18
2.247300891277292288e+18
2.247300891277294592e+18
2.247300891277295616e+18
2.247300891277295872e+18
2.247300891277296128e+18
2.247300891277296128e+18
2.247300891277297152e+18
2.247300891277297920e+18
2.247300895572243968e+18
2.247300895572244992e+18
2.247300895572244992e+18
2.247300895572246784e+18
2.247300895572251392e+18
2.247300895572253440e+18
2.247300895572267264e+18
2.247300895572268032e+18
2.247300955701772544e+18
2.247300955701774592e+18
2.247300955701779456e+18
2.247300955701780736e+18
2.247300955701780992e+18
2.247300955701782528e+18
2.247300955701792512e+18
2.247300955701792768e+18
2.247300955701794560e+18
2.247300959996741120e+18
2.247300959996747008e+18
2.247300959996748032e+18
2.247300959996748288e+18
2.247300959996749056e+18
2.247300959996759296e+18
2.247300959996771584e+18
2.247300959996772352e+18
2.247300959996773376e+18
2.247300959996773888e+18
2.247300964291709952e+18
2.247300964291710720e+18
2.247300964291711232e+18
2.247300964291711488e+18
2.247300964291716608e+18
2.247300964291717888e+18
2.247300964291718656e+18
2.247300964291721472e+18
2.247300964291728896e+18
2.247300964291729408e+18
2.247300964291729408e+18
2.247300964291729408e+18
2.247300964291730176e+18
2.247300964291730432e+18
2.247300964291731200e+18
2.247300964291732736e+18
2.247300964291742464e+18
2.247301024421253888e+18
2.247301024421254400e+18
2.247301024421255936e+18
2.247301024421257472e+18
2.247301024421266432e+18
2.247301024421274112e+18
2.247301024421275136e+18
2.247301024421275392e+18
2.247301024421285888e+18
2.247301024421286912e+18
2.247301028716217088e+18
2.247301028716220160e+18
2.247301028716224256e+18
2.247301028716224512e+18
2.247301028716224512e+18
2.247301028716224768e+18
2.247301028716224768e+18
2.247301028716229632e+18
2.247301028716231680e+18
2.247301028716241664e+18
2.247301028716246016e+18
2.247301028716246016e+18
2.247301028716248320e+18
2.247301028716248576e+18
2.247301028716250368e+18
2.247301033011184640e+18
2.247301033011192064e+18
2.247301033011194880e+18
2.247301093140732928e+18
2.247301093140736512e+18
2.247301093140736768e+18
2.247301093140737536e+18
2.247301093140740608e+18
2.247301093140740864e+18
2.247301093140748800e+18
2.247301093140752128e+18
2.247301093140754176e+18
2.247301093140755456e+18
2.247301097435696896e+18
2.247301097435700480e+18
2.247301097435703296e+18
2.247301097435703552e+18
2.247301097435703808e+18
2.247301097435705856e+18
2.247301097435707392e+18
2.247301097435707648e+18
2.247301097435707648e+18
2.247301097435720960e+18
2.247301097435726336e+18
2.247301097435727872e+18
2.247301097435728640e+18
2.247301101730668288e+18
2.247301101730669824e+18
2.247305010150910720e+18
2.247305010150911744e+18
2.247305010150912512e+18
2.247305010150913024e+18
2.247305010150913280e+18
2.247305010150914304e+18
2.247305010150914304e+18
2.247305010150916096e+18
2.247305010150916096e+18
2.247305010150916352e+18
2.247305010150928384e+18
2.247305010150929920e+18
2.247305010150929920e+18
2.247305010150930688e+18
2.247305010150930944e+18
2.247305010150931456e+18
2.247305010150931456e+18
2.247305010150931712e+18
2.247305010150931712e+18
2.247305010150934272e+18
2.247305010150935040e+18
2.247305010150935040e+18
2.247305010150936320e+18
2.247305010150936576e+18
2.247305010150936576e+18
2.247305010150936576e+18
2.247305014445876992e+18
2.247305014445878528e+18
2.247305014445879296e+18
2.247305014445894912e+18
2.247305014445896960e+18
2.247305014445896960e+18
2.247305014445898496e+18
2.247305014445901312e+18
2.247305018740846592e+18
2.247305018740848128e+18
2.247305018740848384e+18
2.247305018740848640e+18
2.247305018740849920e+18
2.247305018740849920e+18
2.247305018740850944e+18
2.247305018740865792e+18
2.247305078870376704e+18
2.247305078870379008e+18
2.247305078870381824e+18
2.247305078870383616e+18
2.247305078870388992e+18
2.247305078870393856e+18
2.247305078870394880e+18
2.247305078870401024e+18
2.247305078870402048e+18
2.247305078870407424e+18
2.247305078870407936e+18
2.247305078870408960e+18
2.247305083165344512e+18
2.247305083165347072e+18
2.247305083165347840e+18
2.247305083165349888e+18
2.247305083165350400e+18
2.247305083165351680e+18
2.247305083165352960e+18
2.247305083165352960e+18
2.247305083165354240e+18
2.247305083165357056e+18
2.247305083165361408e+18
2.247305083165362176e+18
2.247305083165362944e+18
2.247305083165366016e+18
2.247305083165366528e+18
2.247305083165374720e+18
2.247305087460311040e+18
2.247305087460316160e+18
2.247305087460323840e+18
2.247305087460326400e+18
2.247305087460327936e+18
2.247305087460327936e+18
2.247305087460328192e+18
2.247305087460328192e+18
2.247305087460330240e+18
2.247305087460334592e+18
2.247305087460337152e+18
2.247305147589857792e+18
2.247305147589858816e+18
2.247305147589860096e+18
2.247305147589862144e+18
2.247305147589862144e+18
2.247305147589862144e+18
2.247305147589862400e+18
2.247305147589863680e+18
2.247305147589868544e+18
2.247305147589871872e+18
2.247305147589872384e+18
2.247305147589873664e+18
2.247305147589873920e+18
2.247305147589874176e+18
2.247305147589874944e+18
2.247305147589876736e+18
2.247305147589878784e+18
2.247305147589880320e+18
2.247305147589885440e+18
2.247305147589885440e+18
2.247305147589888000e+18
2.247305147589888000e+18
2.247305147589888768e+18
2.247305147589888768e+18
2.247305147589893120e+18
2.247305147589893632e+18
2.247305151884821248e+18
2.247305151884823552e+18
2.247305151884826112e+18
2.247305151884826368e+18
2.247305151884827136e+18
2.247305151884828416e+18
2.247305151884833280e+18
2.247305151884834560e+18
2.247305151884835840e+18
2.247305151884838656e+18
2.247305151884842752e+18
2.247305156179793408e+18
2.247305156179793664e+18
2.247305156179796992e+18
2.247305156179804672e+18
2.247305156179815680e+18
2.247305216309341440e+18
2.247305216309342464e+18
2.247305216309343232e+18
2.247305216309347072e+18
2.247305216309347584e+18
2.247305216309347584e+18
2.247305216309347584e+18
2.247305216309348352e+18
2.247305216309348864e+18
2.247305216309350912e+18
2.247305216309358080e+18
2.247305216309358336e+18
2.247305216309361408e+18
2.247305216309362432e+18
2.247305216309366784e+18
2.247305216309367296e+18
2.247305216309367808e+18
2.247305216309368064e+18
2.247305220604301568e+18
2.247305220604304896e+18
2.247305220604305408e+18
2.247305220604319232e+18
2.247305220604321280e+18
2.247305220604322304e+18
2.247305220604323072e+18
2.247305220604324864e+18
2.247305220604327680e+18
2.247305224899271680e+18
2.247305224899272704e+18
2.247305224899273216e+18
2.247305224899287296e+18
2.247305224899290624e+18
2.247305285028816896e+18
2.247305285028817408e+18
2.247305285028817408e+18
2.247305285028819712e+18
2.247305285028819968e+18
2.247305285028820736e+18
2.247305285028823296e+18
2.247305285028823808e+18
2.247305285028824064e+18
2.247305285028824320e+18
2.247305285028824320e+18
2.247305285028834560e+18
2.247305285028834816e+18
2.247305285028835840e+18
2.247305285028836608e+18
2.247305285028836864e+18
2.247305285028838912e+18
2.247305289323780352e+18
2.247305289323786496e+18
2.247305289323790080e+18
2.247305289323804928e+18
2.247305289323805952e+18
2.247305289323806208e+18
2.247305289323807232e+18
2.247305289323807488e+18
2.247305289323810048e+18
2.247305289323812352e+18
2.247305293618752768e+18
2.247305293618754048e+18
2.247305293618756608e+18
2.247305293618769408e+18
2.247305293618770688e+18
2.247305293618775296e+18
2.247305353748284160e+18
2.247305353748290048e+18
2.247305353748290816e+18
2.247305353748292608e+18
2.247305353748293376e+18
2.247305353748300288e+18
2.247305353748301056e+18
2.247305353748305920e+18
2.247305353748312832e+18
2.247305353748314880e+18
2.247305353748314880e+18
2.247305353748315904e+18
2.247305358043251456e+18
2.247305358043251712e+18
2.247305358043252992e+18
2.247305358043253504e+18
2.247305358043258112e+18
2.247305358043269376e+18
2.247305358043282688e+18
2.247305362338219008e+18
2.247305362338223104e+18
2.247305362338224128e+18
2.247305362338224128e+18
2.247305362338241024e+18
2.247305362338241024e+18
2.247305362338241280e+18
2.247305362338247424e+18
2.247305362338252800e+18
2.247305422467764736e+18
2.247305422467779840e+18
2.247305422467781376e+18
2.247305422467785728e+18
2.247305422467785984e+18
2.247305422467786240e+18
2.247305422467786752e+18
2.247305422467789568e+18
2.247305422467789824e+18
2.247305426762728192e+18
2.247305426762731520e+18
2.247305426762733568e+18
2.247305426762740224e+18
2.247305426762740224e+18
2.247305426762741248e+18
2.247305426762744320e+18
2.247305426762744576e+18
2.247305426762748160e+18
2.247305426762753280e+18
2.247305431057695744e+18
2.247305431057698304e+18
2.247305431057702656e+18
2.247305431057702656e+18
2.247305431057704960e+18
2.247305431057707520e+18
2.247305431057715200e+18
2.247305431057716736e+18
2.247305431057716992e+18
2.247305491187243776e+18
2.247305491187244800e+18
2.247305491187244800e+18
2.247305491187245056e+18
2.247305491187245568e+18
2.247305491187247104e+18
2.247305491187250432e+18
2.247305491187250944e+18
2.247305491187258112e+18
2.247305491187259648e+18
2.247305491187260160e+18
2.247305491187260416e+18
2.247305491187264512e+18
2.247305495482209792e+18
2.247305495482211072e+18
2.247305495482212864e+18
2.247305495482213120e+18
2.247305495482213120e+18
2.247305495482218240e+18
2.247305495482230272e+18
2.247305495482231552e+18
2.247305495482231552e+18
2.247305495482231808e+18
2.247305495482236160e+18
2.247305495482237952e+18
2.247305495482237952e+18
2.247305499777177856e+18
2.247305499777179136e+18
2.247305499777179392e+18
2.247305499777180672e+18
2.247305499777184000e+18
2.247305499777186304e+18
2.247309408197417472e+18
2.247309408197421568e+18
2.247309408197425920e+18
2.247309408197427200e+18
2.247309408197427200e+18
2.247309408197439744e+18
2.247309408197445632e+18
2.247309408197445632e+18
2.247309412492382720e+18
2.247309412492385792e+18
2.247309412492387328e+18
2.247309412492387328e+18
2.247309412492388352e+18
2.247309412492388864e+18
2.247309412492398592e+18
2.247309412492399616e+18
2.247309412492400384e+18
2.247309412492400384e+18
2.247309412492401408e+18
2.247309412492403200e+18
2.247309416787355136e+18
2.247309416787356416e+18
2.247309416787356928e+18
2.247309416787360256e+18
2.247309416787360256e+18
2.247309416787360512e+18
2.247309416787360512e+18
2.247309416787360768e+18
2.247309416787361024e+18
2.247309416787371264e+18
2.247309416787373312e+18
2.247309416787373824e+18
2.247309416787374336e+18
2.247309476916896768e+18
2.247309476916897280e+18
2.247309476916902400e+18
2.247309476916906496e+18
2.247309476916909312e+18
2.247309476916910336e+18
2.247309476916911104e+18
2.247309476916911104e+18
2.247309476916916224e+18
2.247309476916917248e+18
2.247309476916917760e+18
2.247309476916919552e+18
2.247309481211855872e+18
2.247309481211857920e+18
2.247309481211859200e+18
2.247309481211860992e+18
2.247309481211861504e+18
2.247309481211864832e+18
2.247309481211869952e+18
2.247309481211869952e+18
2.247309481211873792e+18
2.247309481211875840e+18
2.247309481211876096e+18
2.247309481211884288e+18
2.247309481211886592e+18
2.247309485506823424e+18
2.247309485506825216e+18
2.247309485506829568e+18
2.247309485506837504e+18
2.247309485506837504e+18
2.247309485506845184e+18
2.247309485506846208e+18
2.247309485506847744e+18
2.247309485506848000e+18
2.247309485506848512e+18
2.247309485506856192e+18
2.247309485506857216e+18
2.247309485506859008e+18
2.247309545636368384e+18
2.247309545636369920e+18
2.247309545636383744e+18
2.247309545636383744e+18
2.247309545636384000e+18
2.247309545636393728e+18
2.247309545636396544e+18
2.247309545636399104e+18
2.247309545636399360e+18
2.247309549931334400e+18
2.247309549931336704e+18
2.247309549931339008e+18
2.247309549931339264e+18
2.247309549931342592e+18
2.247309549931342848e+18
2.247309549931348992e+18
2.247309549931349760e+18
2.247309549931358720e+18
2.247309549931360256e+18
2.247309549931361024e+18
2.247309554226301952e+18
2.247309554226302464e+18
2.247309554226304256e+18
2.247309554226306048e+18
2.247309554226309888e+18
2.247309554226312192e+18
2.247309554226315520e+18
2.247309554226325248e+18
2.247309554226325504e+18
2.247309554226326272e+18
2.247309614355843584e+18
2.247309614355852800e+18
2.247309614355854080e+18
2.247309614355854336e+18
2.247309614355854592e+18
2.247309614355863808e+18
2.247309614355872768e+18
2.247309614355873792e+18
2.247309614355874304e+18
2.247309614355874560e+18
2.247309614355875840e+18
2.247309614355876096e+18
2.247309618650819328e+18
2.247309618650827008e+18
2.247309618650833920e+18
2.247309618650833920e+18
2.247309618650838016e+18
2.247309618650840320e+18
2.247309618650840832e+18
2.247309622945789952e+18
2.247309622945793536e+18
2.247309622945793792e+18
2.247309622945807872e+18
2.247309683075326976e+18
2.247309683075329280e+18
2.247309683075329280e+18
2.247309683075330048e+18
2.247309683075330816e+18
2.247309683075330816e+18
2.247309683075331328e+18
2.247309683075331584e+18
2.247309683075331840e+18
2.247309683075333120e+18
2.247309683075336960e+18
2.247309683075347968e+18
2.247309683075350272e+18
2.247309687370291968e+18
2.247309687370296064e+18
2.247309687370297344e+18
2.247309687370297344e+18
2.247309687370298112e+18
2.247309687370298368e+18
2.247309687370298880e+18
2.247309687370299392e+18
2.247309687370299392e+18
2.247309687370300672e+18
2.247309687370301440e+18
2.247309687370301952e+18
2.247309687370302720e+18
2.247309687370315520e+18
2.247309687370317056e+18
2.247309687370317824e+18
2.247309687370318080e+18
2.247309687370319872e+18
2.247309687370320384e+18
2.247309687370321664e+18
2.247309687370321920e+18
2.247309687370322432e+18
2.247309687370322432e+18
2.247309687370322432e+18
2.247309691665265152e+18
2.247309691665267200e+18
2.247309691665269504e+18
2.247309691665269760e+18
2.247309691665286912e+18
2.247309691665286912e+18
2.247309691665287424e+18
2.247309691665289216e+18
2.247309751794795008e+18
2.247309751794795008e+18
2.247309751794797312e+18
2.247309751794798592e+18
2.247309751794801920e+18
2.247309751794806528e+18
2.247309751794806528e+18
2.247309751794806528e+18
2.247309751794808320e+18
2.247309751794810368e+18
2.247309751794811136e+18
2.247309751794812416e+18
2.247309751794814720e+18
2.247309751794815488e+18
2.247309751794822144e+18
2.247309751794822144e+18
2.247309751794823168e+18
2.247309756089773824e+18
2.247309756089776640e+18
2.247309756089780736e+18
2.247309756089781248e+18
2.247309756089782528e+18
2.247309756089782784e+18
2.247309756089783296e+18
2.247309756089783296e+18
2.247309756089784832e+18
2.247309756089793792e+18
2.247309756089794560e+18
2.247309756089797376e+18
2.247309760384729344e+18
2.247309760384738304e+18
2.247309760384752128e+18
2.247309760384752640e+18
2.247309760384762624e+18
2.247309820514274048e+18
2.247309820514275584e+18
2.247309820514282496e+18
2.247309820514286080e+18
2.247309820514286848e+18
2.247309820514288896e+18
2.247309820514291968e+18
2.247309820514296320e+18
2.247309820514300416e+18
2.247309820514303232e+18
2.247309820514304000e+18
2.247309824809240064e+18
2.247309824809243392e+18
2.247309824809253888e+18
2.247309824809254656e+18
2.247309824809255936e+18
2.247309824809255936e+18
2.247309824809260032e+18
2.247309824809261056e+18
2.247309824809261312e+18
2.247309824809262336e+18
2.247309824809264896e+18
2.247309824809267200e+18
2.247309824809272576e+18
2.247309824809273088e+18
2.247309829104207616e+18
2.247309829104207872e+18
2.247309829104222720e+18
2.247309829104231424e+18
2.247309889233752576e+18
2.247309889233756416e+18
2.247309889233756928e+18
2.247309889233758464e+18
2.247309889233758720e+18
2.247309889233758720e+18
2.247309889233759232e+18
2.247309889233759488e+18
2.247309889233763840e+18
2.247309889233766144e+18
2.247309889233768192e+18
2.247309889233773824e+18
2.247309889233774336e+18
2.247309889233775360e+18
2.247309889233776384e+18
2.247309889233776384e+18
2.247309889233776640e+18
2.247309889233779456e+18
2.247309893528721664e+18
2.247309893528722432e+18
2.247309893528722432e+18
2.247309893528722944e+18
2.247309893528734208e+18
2.247309893528734208e+18
2.247309893528738560e+18
2.247309897823690496e+18
2.247309897823690752e+18
2.247309897823691008e+18
2.247309897823692544e+18
2.247309897823693824e+18
2.247309897823696384e+18
2.247309897823696384e+18
2.247309897823697664e+18
2.247309897823697920e+18
2.247309897823710976e+18
2.247309897823712000e+18
2.247313806243924480e+18
2.247313806243924992e+18
2.247313806243931648e+18
2.247313806243931904e+18
2.247313806243932672e+18
2.247313806243933184e+18
2.247313806243936256e+18
2.247313806243936768e+18
2.247313806243950336e+18
2.247313806243951360e+18
2.247313806243951360e+18
2.247313806243951872e+18
2.247313806243952384e+18
2.247313806243954176e+18
2.247313806243956992e+18
2.247313806243957248e+18
2.247313806243957248e+18
2.247313810538898432e+18
2.247313810538905856e+18
2.247313810538914048e+18
2.247313810538914560e+18
2.247313810538914816e+18
2.247313810538915328e+18
2.247313810538915840e+18
2.247313810538916096e+18
2.247313810538916608e+18
2.247313814833865728e+18
2.247313814833865984e+18
2.247313814833867520e+18
2.247313814833867776e+18
2.247313814833868544e+18
2.247313814833869056e+18
2.247313814833869568e+18
2.247313814833869824e+18
2.247313814833870848e+18
2.247313814833872128e+18
2.247313814833881856e+18
2.247313874963410944e+18
2.247313874963411968e+18
2.247313874963413504e+18
2.247313874963415040e+18
2.247313874963420928e+18
2.247313874963420928e+18
2.247313874963420928e+18
2.247313874963423232e+18
2.247313874963423488e+18
2.247313874963430144e+18
2.247313874963430144e+18
2.247313879258371328e+18
2.247313879258373376e+18
2.247313879258380800e+18
2.247313879258381312e+18
2.247313879258382592e+18
2.247313879258385664e+18
2.247313879258385664e+18
2.247313879258391040e+18
2.247313879258392064e+18
2.247313879258392064e+18
2.247313879258392832e+18
2.247313879258393088e+18
2.247313879258394368e+18
2.247313883553333248e+18
2.247313883553334784e+18
2.247313883553335040e+18
2.247313883553345792e+18
2.247313883553351936e+18
2.247313943682876672e+18
2.247313943682880000e+18
2.247313943682880000e+18
2.247313943682881280e+18
2.247313943682893824e+18
2.247313943682894080e+18
2.247313943682895104e+18
2.247313943682895104e+18
2.247313943682896128e+18
2.247313943682896640e+18
2.247313943682900480e+18
2.247313943682901760e+18
2.247313943682902784e+18
2.247313943682906624e+18
2.247313943682907904e+18
2.247313943682909696e+18
2.247313943682910720e+18
2.247313947977845760e+18
2.247313947977846016e+18
2.247313947977846784e+18
2.247313947977847808e+18
2.247313947977849600e+18
2.247313947977849856e+18
2.247313947977851392e+18
2.247313947977853696e+18
2.247313947977857536e+18
2.247313947977858048e+18
2.247313947977858048e+18
2.247313947977858048e+18
2.247313947977861888e+18
2.247313947977867008e+18
2.247313947977869056e+18
2.247313947977874688e+18
2.247313952272815104e+18
2.247313952272816128e+18
2.247313952272816384e+18
2.247313952272816384e+18
2.247313952272821248e+18
2.247313952272836864e+18
2.247313952272837120e+18
2.247314012402361088e+18
2.247314012402361600e+18
2.247314012402363136e+18
2.247314012402366464e+18
2.247314012402368000e+18
2.247314012402371072e+18
2.247314012402371328e+18
2.247314012402372352e+18
2.247314012402382336e+18
2.247314012402383360e+18
2.247314012402383360e+18
2.247314012402383616e+18
2.247314012402384896e+18
2.247314012402387712e+18
2.247314016697326336e+18
2.247314016697327872e+18
2.247314016697327872e+18
2.247314016697334016e+18
2.247314016697334784e+18
2.247314016697335552e+18
2.247314016697341440e+18
2.247314016697342464e+18
2.247314016697343488e+18
2.247314016697344000e+18
2.247314016697345536e+18
2.247314016697346304e+18
2.247314020992294144e+18
2.247314020992294656e+18
2.247314020992296960e+18
2.247314020992299264e+18
2.247314020992315648e+18
2.247314020992321024e+18
2.247314020992322304e+18
2.247314081121832704e+18
2.247314081121832704e+18
2.247314081121839360e+18
2.247314081121840128e+18
2.247314081121841664e+18
2.247314081121841920e+18
2.247314081121842176e+18
2.247314081121846016e+18
2.247314081121846016e+18
2.247314081121847040e+18
2.247314081121849344e+18
2.247314081121860096e+18
2.247314081121860608e+18
2.247314081121860608e+18
2.247314081121861632e+18
2.247314081121861888e+18
2.247314081121863168e+18
2.247314081121863936e+18
2.247314081121865216e+18
2.247314081121865728e+18
2.247314081121865984e+18
2.247314081121865984e+18
2.247314081121866240e+18
2.247314081121866240e+18
2.247314081121866752e+18
2.247314081121867520e+18
2.247314085416803072e+18
2.247314085416806656e+18
2.247314085416807680e+18
2.247314085416807680e+18
2.247314085416807936e+18
2.247314085416808704e+18
2.247314085416811008e+18
2.247314085416811008e+18
2.247314085416811520e+18
2.247314085416812288e+18
2.247314085416818688e+18
2.247314085416828928e+18
2.247314085416831232e+18
2.247314085416831488e+18
2.247314085416832000e+18
2.247314085416833536e+18
2.247314089711771136e+18
2.247314089711779584e+18
2.247314089711780352e+18
2.247314089711780608e+18
2.247314089711781632e+18
2.247314089711782144e+18
2.247314089711783168e+18
2.247314089711783424e+18
2.247314089711783680e+18
2.247314089711783936e+18
2.247314089711784192e+18
2.247314089711788544e+18
2.247314089711794176e+18
2.247314089711798272e+18
2.247314149841308160e+18
2.247314149841312512e+18
2.247314149841313536e+18
2.247314149841313536e+18
2.247314149841315072e+18
2.247314149841317376e+18
2.247314149841320704e+18
2.247314149841323520e+18
2.247314149841325312e+18
2.247314149841326336e+18
2.247314149841326592e+18
2.247314149841334016e+18
2.247314149841336576e+18
2.247314149841337856e+18
2.247314154136277760e+18
2.247314154136280832e+18
2.247314154136281600e+18
2.247314154136281856e+18
2.247314154136290816e+18
2.247314154136291328e+18
2.247314154136291328e+18
2.247314154136291840e+18
2.247314154136293888e+18
2.247314154136301568e+18
2.247314154136301824e+18
2.247314154136302080e+18
2.247314158431244544e+18
2.247314158431252736e+18
2.247314158431252992e+18
2.247314158431254016e+18
2.247314158431258624e+18
2.247314158431269888e+18
2.247314218560788480e+18
2.247314218560789248e+18
2.247314218560793088e+18
2.247314218560798976e+18
2.247314218560799488e+18
2.247314218560802048e+18
2.247314218560807168e+18
2.247314218560807168e+18
2.247314218560807424e+18
2.247314218560811264e+18
2.247314218560815104e+18
2.247314218560817920e+18
2.247314222855750400e+18
2.247314222855754752e+18
2.247314222855763968e+18
2.247314222855766528e+18
2.247314222855766784e+18
2.247314222855767040e+18
2.247314222855768064e+18
2.247314222855770624e+18
2.247314222855771648e+18
2.247314222855778816e+18
2.247314222855779072e+18
2.247314222855780096e+18
2.247314222855780352e+18
2.247314222855781376e+18
2.247314222855781632e+18
2.247314227150721792e+18
2.247314227150722560e+18
2.247314227150725632e+18
2.247314227150726144e+18
2.247314227150726400e+18
2.247314227150727168e+18
2.247314227150727424e+18
2.247314227150731008e+18
2.247314227150731520e+18
2.247314227150744832e+18
2.247314227150746624e+18
2.247314227150749184e+18
2.247314287280263680e+18
2.247314287280269568e+18
2.247314287280269824e+18
2.247314287280275456e+18
2.247314287280275968e+18
2.247314287280285440e+18
2.247314287280285696e+18
2.247314287280286976e+18
2.247314287280287744e+18
2.247314287280288000e+18
2.247314287280289792e+18
2.247314287280290304e+18
2.247314287280292864e+18
2.247314291575228928e+18
2.247314291575233792e+18
2.247314291575234560e+18
2.247314291575235072e+18
2.247314291575235328e+18
2.247314291575238144e+18
2.247314291575250944e+18
2.247314291575251456e+18
2.247314291575254272e+18
2.247314291575256064e+18
2.247314291575260416e+18
2.247314295870206208e+18
2.247314295870207744e+18
2.247314295870208512e+18
2.247314295870208768e+18
2.247314295870209280e+18
2.247314295870210816e+18
2.247314295870211328e+18
2.247314295870212352e+18
2.247314295870212608e+18
2.247314295870212864e+18
2.247314295870215168e+18
2.247314295870218496e+18
2.247314295870228992e+18
2.247314295870229248e+18
2.247318204290443776e+18
2.247318204290444288e+18
2.247318204290446592e+18
2.247318204290447616e+18
2.247318204290449408e+18
2.247318204290449920e+18
2.247318204290450176e+18
2.247318204290450176e+18
2.247318204290462464e+18
2.247318204290463488e+18
2.247318204290465792e+18
2.247318204290466048e+18
2.247318204290466560e+18
2.247318204290466816e+18
2.247318208585403136e+18
2.247318208585409280e+18
2.247318208585412864e+18
2.247318208585413632e+18
2.247318208585427712e+18
2.247318208585428224e+18
2.247318208585432576e+18
2.247318208585433344e+18
2.247318208585433600e+18
2.247318208585434624e+18
2.247318212880379648e+18
2.247318212880382464e+18
2.247318212880382464e+18
2.247318212880383232e+18
2.247318212880384512e+18
2.247318212880385024e+18
2.247318212880386560e+18
2.247318212880399616e+18
2.247318212880401152e+18
2.247318212880401152e+18
2.247318212880403200e+18
2.247318212880407296e+18
2.247318273009910784e+18
2.247318273009913600e+18
2.247318273009915136e+18
2.247318273009915136e+18
2.247318273009918720e+18
2.247318273009925888e+18
2.247318273009925888e+18
2.247318273009928448e+18
2.247318273009940224e+18
2.247318277304877312e+18
2.247318277304883712e+18
2.247318277304889856e+18
2.247318277304890112e+18
2.247318277304890368e+18
2.247318277304896768e+18
2.247318277304896768e+18
2.247318277304898304e+18
2.247318277304899072e+18
2.247318277304899584e+18
2.247318277304908544e+18
2.247318277304908800e+18
2.247318281599846144e+18
2.247318281599846656e+18
2.247318281599848192e+18
2.247318281599860736e+18
2.247318281599867392e+18
2.247318281599867648e+18
2.247318281599869952e+18
2.247318281599874560e+18
2.247318281599879168e+18
2.247318341729386496e+18
2.247318341729392896e+18
2.247318341729395968e+18
2.247318341729403392e+18
2.247318341729403392e+18
2.247318341729404160e+18
2.247318341729409792e+18
2.247318341729416960e+18
2.247318346024357120e+18
2.247318346024357376e+18
2.247318346024359168e+18
2.247318346024374784e+18
2.247318346024377088e+18
2.247318346024388352e+18
2.247318346024389632e+18
2.247318346024390144e+18
2.247318346024390144e+18
2.247318350319325440e+18
2.247318350319325952e+18
2.247318350319329024e+18
2.247318350319343872e+18
2.247318410448871680e+18
2.247318410448872448e+18
2.247318410448872960e+18
2.247318410448873984e+18
2.247318410448879360e+18
2.247318410448891648e+18
2.247318410448894208e+18
2.247318410448894976e+18
2.247318410448895232e+18
2.247318410448895488e+18
2.247318410448895744e+18
2.247318410448903168e+18
2.247318410448903424e+18
2.247318414743830528e+18
2.247318414743837440e+18
2.247318414743841792e+18
2.247318414743843072e+18
2.247318414743851008e+18
2.247318414743856640e+18
2.247318414743856640e+18
2.247318414743857152e+18
2.247318414743859456e+18
2.247318414743859456e+18
2.247318414743859712e+18
2.247318414743862016e+18
2.247318414743863808e+18
2.247318414743865344e+18
2.247318419038808064e+18
2.247318419038808320e+18
2.247318419038808832e+18
2.247318419038809856e+18
2.247318419038809856e+18
2.247318419038810624e+18
2.247318419038811136e+18
2.247318419038816000e+18
2.247318419038816512e+18
2.247318419038829568e+18
2.247318479168343552e+18
2.247318479168353024e+18
2.247318479168353536e+18
2.247318479168354048e+18
2.247318479168354816e+18
2.247318479168357376e+18
2.247318479168357632e+18
2.247318479168368384e+18
2.247318479168369920e+18
2.247318479168375040e+18
2.247318483463318016e+18
2.247318483463320064e+18
2.247318483463320320e+18
2.247318483463320832e+18
2.247318483463322880e+18
2.247318483463324160e+18
2.247318483463329024e+18
2.247318483463336448e+18
2.247318483463337728e+18
2.247318483463337984e+18
2.247318483463337984e+18
2.247318483463341056e+18
2.247318487758287872e+18
2.247318487758288384e+18
2.247318487758289152e+18
2.247318487758289664e+18
2.247318487758291456e+18
2.247318487758292480e+18
2.247318487758293760e+18
2.247318547887822848e+18
2.247318547887822848e+18
2.247318547887825152e+18
2.247318547887826176e+18
2.247318547887826176e+18
2.247318547887832832e+18
2.247318547887833344e+18
2.247318547887839488e+18
2.247318547887839744e+18
2.247318547887840256e+18
2.247318547887840512e+18
2.247318547887840768e+18
2.247318547887841024e+18
2.247318547887842560e+18
2.247318547887843840e+18
2.247318547887844608e+18
2.247318547887845376e+18
2.247318547887849216e+18
2.247318547887850496e+18
2.247318547887853824e+18
2.247318552182787584e+18
2.247318552182789888e+18
2.247318552182790400e+18
2.247318552182792448e+18
2.247318552182794496e+18
2.247318552182795264e+18
2.247318552182803456e+18
2.247318552182803968e+18
2.247318552182807040e+18
2.247318552182810368e+18
2.247318552182810624e+18
2.247318552182811904e+18
2.247318556477755648e+18
2.247318556477756416e+18
2.247318556477756928e+18
2.247318556477757184e+18
2.247318556477757440e+18
2.247318556477760000e+18
2.247318556477766912e+18
2.247318556477773824e+18
2.247318556477774848e+18
2.247318556477775104e+18
2.247318556477784064e+18
2.247318556477784832e+18
2.247318556477784832e+18
2.247318556477785344e+18
2.247318616607294976e+18
2.247318616607296000e+18
2.247318616607304448e+18
2.247318616607311360e+18
2.247318616607312640e+18
2.247318616607314176e+18
2.247318616607314432e+18
2.247318616607327744e+18
2.247318616607328256e+18
2.247318616607329536e+18
2.247318620902267392e+18
2.247318620902267904e+18
2.247318620902268416e+18
2.247318620902276608e+18
2.247318620902277376e+18
2.247318620902277376e+18
2.247318620902278144e+18
2.247318620902278912e+18
2.247318620902284800e+18
2.247318620902285568e+18
2.247318620902289920e+18
2.247318620902291200e+18
2.247318620902291200e+18
2.247318625197233920e+18
2.247318625197233920e+18
2.247318625197234176e+18
2.247318625197236480e+18
2.247318625197239552e+18
2.247318625197242112e+18
2.247318625197259008e+18
2.247318625197259008e+18
2.247318625197259264e+18
2.247318625197259520e+18
2.247318685326777856e+18
2.247318685326779136e+18
2.247318685326783488e+18
2.247318685326790144e+18
2.247318685326790144e+18
2.247318685326790144e+18
2.247318685326790912e+18
2.247318685326792704e+18
2.247318685326792704e+18
2.247318685326794240e+18
2.247318685326797312e+18
2.247318689621750016e+18
2.247318689621751808e+18
2.247318689621754112e+18
2.247318689621754368e+18
2.247318689621755904e+18
2.247318689621755904e+18
2.247318689621763584e+18
2.247318689621764864e+18
2.247318689621765120e+18
2.247318689621765120e+18
2.247318689621769216e+18
2.247318689621769472e+18
2.247318689621769472e+18
2.247318689621769984e+18
2.247318693916720640e+18
2.247318693916724736e+18
2.247318693916730624e+18
2.247322602336951296e+18
2.247322602336956160e+18
2.247322602336958720e+18
2.247322602336960000e+18
2.247322602336977152e+18
2.247322602336977152e+18
2.247322602336977664e+18
2.247322602336978176e+18
2.247322606631924736e+18
2.247322606631924736e+18
2.247322606631926016e+18
2.247322606631928576e+18
2.247322606631938816e+18
2.247322610926883328e+18
2.247322610926891520e+18
2.247322610926892800e+18
2.247322610926894080e+18
2.247322610926896128e+18
2.247322610926899968e+18
2.247322610926899968e+18
2.247322610926902016e+18
2.247322610926902016e+18
2.247322610926902272e+18
2.247322610926919168e+18
2.247322610926919680e+18
2.247322671056423680e+18
2.247322671056425984e+18
2.247322671056426496e+18
2.247322671056431104e+18
2.247322671056431872e+18
2.247322671056433408e+18
2.247322671056433664e+18
2.247322671056437760e+18
2.247322671056440064e+18
2.247322671056441856e+18
2.247322671056444416e+18
2.247322671056449792e+18
2.247322671056450048e+18
2.247322675351388672e+18
2.247322675351389440e+18
2.247322675351392512e+18
2.247322675351398400e+18
2.247322675351402240e+18
2.247322675351402496e+18
2.247322675351402496e+18
2.247322675351404288e+18
2.247322675351410176e+18
2.247322675351419648e+18
2.247322675351420416e+18
2.247322679646359552e+18
2.247322679646365952e+18
2.247322679646369024e+18
2.247322679646371584e+18
2.247322679646371840e+18
2.247322679646377728e+18
2.247322679646378752e+18
2.247322679646379008e+18
2.247322679646394880e+18
2.247322739775901184e+18
2.247322739775902208e+18
2.247322739775902976e+18
2.247322739775910144e+18
2.247322739775910144e+18
2.247322739775910912e+18
2.247322739775911936e+18
2.247322739775924992e+18
2.247322744070872064e+18
2.247322744070875648e+18
2.247322744070882560e+18
2.247322744070884864e+18
2.247322744070885120e+18
2.247322744070885632e+18
2.247322744070886912e+18
2.247322744070889728e+18
2.247322744070892800e+18
2.247322744070895616e+18
2.247322744070895872e+18
2.247322744070895872e+18
2.247322744070895872e+18
2.247322744070901504e+18
2.247322744070905856e+18
2.247322748365835776e+18
2.247322748365836800e+18
2.247322748365836800e+18
2.247322748365837056e+18
2.247322748365839104e+18
2.247322748365839616e+18
2.247322748365849088e+18
2.247322808495380992e+18
2.247322808495383552e+18
2.247322808495387136e+18
2.247322808495388160e+18
2.247322808495392512e+18
2.247322808495395328e+18
2.247322808495398144e+18
2.247322808495401216e+18
2.247322812790346752e+18
2.247322812790351616e+18
2.247322812790352640e+18
2.247322812790353152e+18
2.247322812790353664e+18
2.247322812790354688e+18
2.247322812790354688e+18
2.247322812790355200e+18
2.247322812790356224e+18
2.247322812790356224e+18
2.247322812790361088e+18
2.247322812790362112e+18
2.247322812790370560e+18
2.247322812790371584e+18
2.247322812790373888e+18
2.247322812790374400e+18
2.247322817085317888e+18
2.247322817085319680e+18
2.247322817085321984e+18
2.247322817085323520e+18
2.247322817085323776e+18
2.247322817085323776e+18
2.247322817085325056e+18
2.247322817085326336e+18
2.247322817085342976e+18
2.247322817085346560e+18
2.247322877214860032e+18
2.247322877214861312e+18
2.247322877214864896e+18
2.247322877214868992e+18
2.247322877214874624e+18
2.247322877214876416e+18
2.247322881509829120e+18
2.247322881509830656e+18
2.247322881509831168e+18
2.247322881509831168e+18
2.247322881509831936e+18
2.247322881509833472e+18
2.247322881509834496e+18
2.247322881509834496e+18
2.247322881509842176e+18
2.247322881509848576e+18
2.247322881509848832e+18
2.247322881509849088e+18
2.247322881509849856e+18
2.247322881509850624e+18
2.247322881509850624e+18
2.247322881509850880e+18
2.247322881509851648e+18
2.247322885804794112e+18
2.247322885804795904e+18
2.247322885804796160e+18
2.247322885804796928e+18
2.247322885804798976e+18
2.247322885804809984e+18
2.247322945934330368e+18
2.247322945934330624e+18
2.247322945934335232e+18
2.247322945934344704e+18
2.247322945934345472e+18
2.247322945934347008e+18
2.247322945934347776e+18
2.247322945934348288e+18
2.247322945934351104e+18
2.247322945934351616e+18
2.247322945934356736e+18
2.247322945934357248e+18
2.247322945934357504e+18
2.247322945934357504e+18
2.247322945934360320e+18
2.247322950229298688e+18
2.247322950229299200e+18
2.247322950229304320e+18
2.247322950229309952e+18
2.247322950229310208e+18
2.247322950229310208e+18
2.247322950229312512e+18
2.247322950229313024e+18
2.247322950229313536e+18
2.247322950229313792e+18
2.247322950229314816e+18
2.247322950229315072e+18
2.247322950229323264e+18
2.247322950229323264e+18
2.247322954524263168e+18
2.247322954524266240e+18
2.247322954524266240e+18
2.247322954524276480e+18
2.247322954524276736e+18
2.247322954524290560e+18
2.247323014653806080e+18
2.247323014653812224e+18
2.247323014653814016e+18
2.247323014653821184e+18
2.247323014653822720e+18
2.247323014653823744e+18
2.247323014653826048e+18
2.247323014653827072e+18
2.247323014653827840e+18
2.247323014653829120e+18
2.247323014653832192e+18
2.247323014653832704e+18
2.247323014653833984e+18
2.247323014653837568e+18
2.247323018948772608e+18
2.247323018948772608e+18
2.247323018948773120e+18
2.247323018948776960e+18
2.247323018948778240e+18
2.247323018948786688e+18
2.247323018948786944e+18
2.247323018948788992e+18
2.247323018948791296e+18
2.247323018948800256e+18
2.247323018948801024e+18
2.247323023243745024e+18
2.247323023243745536e+18
2.247323023243748608e+18
2.247323023243748608e+18
2.247323023243749376e+18
2.247323023243763200e+18
2.247323023243764224e+18
2.247323023243764224e+18
2.247323023243767552e+18
2.247323023243768320e+18
2.247323023243768320e+18
2.247323083373291264e+18
2.247323083373292544e+18
2.247323083373293056e+18
2.247323083373296128e+18
2.247323083373297152e+18
2.247323083373297152e+18
2.247323083373297664e+18
2.247323083373297920e+18
2.247323083373305856e+18
2.247323083373312000e+18
2.247323083373312512e+18
2.247323087668257280e+18
2.247323087668258048e+18
2.247323087668258560e+18
2.247323087668259072e+18
2.247323087668263424e+18
2.247323087668263424e+18
2.247323087668273920e+18
2.247323087668273920e+18
2.247323087668281344e+18
2.247323091963221760e+18
2.247323091963222528e+18
2.247323091963225856e+18
2.247323091963227648e+18
2.247323091963227904e+18
2.247323091963227904e+18
2.247323091963244032e+18
2.247323091963248640e+18
2.247323091963254016e+18
2.247323091963255552e+18
2.247327000383465472e+18
2.247327000383466496e+18
2.247327000383467264e+18
2.247327000383468032e+18
2.247327000383468288e+18
2.247327000383468288e+18
2.247327000383469824e+18
2.247327000383470080e+18
2.247327000383486720e+18
2.247327000383488000e+18
2.247327000383488256e+18
2.247327000383490048e+18
2.247327000383490816e+18
2.247327000383492096e+18
2.247327000383492096e+18
2.247327004678425344e+18
2.247327004678432256e+18
2.247327004678433024e+18
2.247327004678436608e+18
2.247327004678449152e+18
2.247327004678449664e+18
2.247327004678450432e+18
2.247327004678452224e+18
2.247327004678452992e+18
2.247327004678453504e+18
2.247327004678453760e+18
2.247327008973401088e+18
2.247327008973401856e+18
2.247327008973402368e+18
2.247327008973404672e+18
2.247327008973415936e+18
2.247327008973419008e+18
2.247327069102937088e+18
2.247327069102937856e+18
2.247327069102938368e+18
2.247327069102938880e+18
2.247327069102952448e+18
2.247327069102952960e+18
2.247327069102953984e+18
2.247327069102958080e+18
2.247327069102964736e+18
2.247327069102965504e+18
2.247327069102966528e+18
2.247327069102966784e+18
2.247327069102967808e+18
2.247327069102968320e+18
2.247327069102968320e+18
2.247327069102968832e+18
2.247327069102968832e+18
2.247327073397901056e+18
2.247327073397907712e+18
2.247327073397909504e+18
2.247327073397911296e+18
2.247327073397915904e+18
2.247327073397916416e+18
2.247327073397920768e+18
2.247327073397930496e+18
2.247327073397930496e+18
2.247327073397931264e+18
2.247327077692867328e+18
2.247327077692870656e+18
2.247327077692874496e+18
2.247327077692881152e+18
2.247327077692883712e+18
2.247327077692887808e+18
2.247327077692890112e+18
2.247327077692890112e+18
2.247327077692890112e+18
2.247327077692891904e+18
2.247327077692902656e+18
2.247327137822412544e+18
2.247327137822415104e+18
2.247327137822419968e+18
2.247327137822420224e+18
2.247327137822420224e+18
2.247327137822425344e+18
2.247327137822427136e+18
2.247327142117381120e+18
2.247327142117382656e+18
2.247327142117382912e+18
2.247327142117383168e+18
2.247327142117383424e+18
2.247327142117383424e+18
2.247327142117383936e+18
2.247327142117387008e+18
2.247327142117387520e+18
2.247327142117395968e+18
2.247327142117396736e+18
2.247327142117397248e+18
2.247327142117397248e+18
2.247327142117402624e+18
2.247327142117405184e+18
2.247327142117405440e+18
2.247327142117405696e+18
2.247327142117408512e+18
2.247327142117411328e+18
2.247327142117413376e+18
2.247327142117414144e+18
2.247327146412347648e+18
2.247327146412350208e+18
2.247327146412351232e+18
2.247327146412354560e+18
2.247327146412370688e+18
2.247327146412371456e+18
2.247327146412375552e+18
2.247327146412379392e+18
2.247327146412379648e+18
2.247327206541893888e+18
2.247327206541893888e+18
2.247327206541896960e+18
2.247327206541900800e+18
2.247327206541913856e+18
2.247327206541917952e+18
2.247327206541918976e+18
2.247327206541918976e+18
2.247327206541920000e+18
2.247327206541920256e+18
2.247327210836863744e+18
2.247327210836866816e+18
2.247327210836869120e+18
2.247327210836875520e+18
2.247327210836876288e+18
2.247327210836876288e+18
2.247327215131827712e+18
2.247327215131828736e+18
2.247327215131829248e+18
2.247327215131829504e+18
2.247327215131835392e+18
2.247327215131835904e+18
2.247327215131846656e+18
2.247327275261372416e+18
2.247327275261372672e+18
2.247327275261375232e+18
2.247327275261385728e+18
2.247327275261386496e+18
2.247327275261387264e+18
2.247327275261387520e+18
2.247327275261387520e+18
2.247327275261390080e+18
2.247327275261390592e+18
2.247327275261392128e+18
2.247327279556338176e+18
2.247327279556339968e+18
2.247327279556340480e+18
2.247327279556341760e+18
2.247327279556353792e+18
2.247327279556354048e+18
2.247327279556354304e+18
2.247327279556355584e+18
2.247327279556355840e+18
2.247327279556356864e+18
2.247327279556357120e+18
2.247327279556358400e+18
2.247327279556358400e+18
2.247327279556358656e+18
2.247327279556359936e+18
2.247327283851305984e+18
2.247327283851306752e+18
2.247327283851306752e+18
2.247327343980840704e+18
2.247327343980842496e+18
2.247327343980844800e+18
2.247327343980845312e+18
2.247327343980848896e+18
2.247327348275806720e+18
2.247327348275817216e+18
2.247327348275820288e+18
2.247327348275821568e+18
2.247327348275829760e+18
2.247327348275830528e+18
2.247327352570773760e+18
2.247327352570778624e+18
2.247327412700320768e+18
2.247327412700322560e+18
2.247327412700323072e+18
2.247327412700325632e+18
2.247327412700326144e+18
2.247327412700328704e+18
2.247327412700331520e+18
2.247327412700335616e+18
2.247327412700336384e+18
2.247327412700339968e+18
2.247327412700339968e+18
2.247327412700340480e+18
2.247327416995295488e+18
2.247327416995302400e+18
2.247327416995302912e+18
2.247327416995304192e+18
2.247327416995304704e+18
2.247327416995308288e+18
2.247327416995309056e+18
2.247327416995313152e+18
2.247327421290266624e+18
2.247327421290266880e+18
2.247327421290274816e+18
2.247327481419798784e+18
2.247327481419804160e+18
2.247327481419804416e+18
2.247327481419805440e+18
2.247327481419805440e+18
2.247327481419810048e+18
2.247327481419817216e+18
2.247327481419822592e+18
2.247327485714769152e+18
2.247327485714769920e+18
2.247327485714774016e+18
2.247327485714774784e+18
2.247327485714774784e+18
2.247327485714777856e+18
2.247327485714784256e+18
2.247327485714785024e+18
2.247327485714785280e+18
2.247327490009737472e+18
2.247327490009737728e+18
2.247327490009737984e+18
2.247327490009739520e+18
2.247327490009740544e+18
2.247327490009744384e+18
2.247327490009754368e+18
2.247327490009754880e+18
2.247327490009757696e+18
